[2020-03-04 12:18:34] local.ERROR: ErrorException: Undefined index: usuarios in /home/moranni/Escritorio/GlobalHitss/Lumen/blog/routes/web.php:47
Stack trace:
#0 /home/moranni/Escritorio/GlobalHitss/Lumen/blog/routes/web.php(47): Laravel\Lumen\Application->Laravel\Lumen\Concerns\{closure}(8, 'Undefined index...', '/home/moranni/E...', 47, Array)
#1 [internal function]: Closure->{closure}()
#2 /home/moranni/Escritorio/GlobalHitss/Lumen/blog/vendor/illuminate/container/BoundMethod.php(32): call_user_func_array(Object(Closure), Array)
#3 /home/moranni/Escritorio/GlobalHitss/Lumen/blog/vendor/illuminate/container/Util.php(36): Illuminate\Container\BoundMethod::Illuminate\Container\{closure}()
#4 /home/moranni/Escritorio/GlobalHitss/Lumen/blog/vendor/illuminate/container/BoundMethod.php(78): Illuminate\Container\Util::unwrapIfClosure(Object(Closure))
#5 /home/moranni/Escritorio/GlobalHitss/Lumen/blog/vendor/illuminate/container/BoundMethod.php(34): Illuminate\Container\BoundMethod::callBoundMethod(Object(Laravel\Lumen\Application), Object(Closure), Object(Closure))
#6 /home/moranni/Escritorio/GlobalHitss/Lumen/blog/vendor/illuminate/container/Container.php(590): Illuminate\Container\BoundMethod::call(Object(Laravel\Lumen\Application), Object(Closure), Array, NULL)
#7 /home/moranni/Escritorio/GlobalHitss/Lumen/blog/vendor/laravel/lumen-framework/src/Concerns/RoutesRequests.php(289): Illuminate\Container\Container->call(Object(Closure), Array)
#8 /home/moranni/Escritorio/GlobalHitss/Lumen/blog/vendor/laravel/lumen-framework/src/Concerns/RoutesRequests.php(263): Laravel\Lumen\Application->callActionOnArrayBasedRoute(Array)
#9 /home/moranni/Escritorio/GlobalHitss/Lumen/blog/vendor/laravel/lumen-framework/src/Concerns/RoutesRequests.php(165): Laravel\Lumen\Application->handleFoundRoute(Array)
#10 /home/moranni/Escritorio/GlobalHitss/Lumen/blog/vendor/laravel/lumen-framework/src/Concerns/RoutesRequests.php(416): Laravel\Lumen\Application->Laravel\Lumen\Concerns\{closure}(Object(Laravel\Lumen\Http\Request))
#11 /home/moranni/Escritorio/GlobalHitss/Lumen/blog/vendor/laravel/lumen-framework/src/Concerns/RoutesRequests.php(171): Laravel\Lumen\Application->sendThroughPipeline(Array, Object(Closure))
#12 /home/moranni/Escritorio/GlobalHitss/Lumen/blog/vendor/laravel/lumen-framework/src/Concerns/RoutesRequests.php(108): Laravel\Lumen\Application->dispatch(NULL)
#13 /home/moranni/Escritorio/GlobalHitss/Lumen/blog/public/index.php(28): Laravel\Lumen\Application->run()
#14 {main} {"exception":"[object] (ErrorException(code: 0): Undefined index: usuarios at /home/moranni/Escritorio/GlobalHitss/Lumen/blog/routes/web.php:47)
[stacktrace]
#0 /home/moranni/Escritorio/GlobalHitss/Lumen/blog/routes/web.php(47): Laravel\\Lumen\\Application->Laravel\\Lumen\\Concerns\\{closure}(8, 'Undefined index...', '/home/moranni/E...', 47, Array)
#1 [internal function]: Closure->{closure}()
#2 /home/moranni/Escritorio/GlobalHitss/Lumen/blog/vendor/illuminate/container/BoundMethod.php(32): call_user_func_array(Object(Closure), Array)
#3 /home/moranni/Escritorio/GlobalHitss/Lumen/blog/vendor/illuminate/container/Util.php(36): Illuminate\\Container\\BoundMethod::Illuminate\\Container\\{closure}()
#4 /home/moranni/Escritorio/GlobalHitss/Lumen/blog/vendor/illuminate/container/BoundMethod.php(78): Illuminate\\Container\\Util::unwrapIfClosure(Object(Closure))
#5 /home/moranni/Escritorio/GlobalHitss/Lumen/blog/vendor/illuminate/container/BoundMethod.php(34): Illuminate\\Container\\BoundMethod::callBoundMethod(Object(Laravel\\Lumen\\Application), Object(Closure), Object(Closure))
#6 /home/moranni/Escritorio/GlobalHitss/Lumen/blog/vendor/illuminate/container/Container.php(590): Illuminate\\Container\\BoundMethod::call(Object(Laravel\\Lumen\\Application), Object(Closure), Array, NULL)
#7 /home/moranni/Escritorio/GlobalHitss/Lumen/blog/vendor/laravel/lumen-framework/src/Concerns/RoutesRequests.php(289): Illuminate\\Container\\Container->call(Object(Closure), Array)
#8 /home/moranni/Escritorio/GlobalHitss/Lumen/blog/vendor/laravel/lumen-framework/src/Concerns/RoutesRequests.php(263): Laravel\\Lumen\\Application->callActionOnArrayBasedRoute(Array)
#9 /home/moranni/Escritorio/GlobalHitss/Lumen/blog/vendor/laravel/lumen-framework/src/Concerns/RoutesRequests.php(165): Laravel\\Lumen\\Application->handleFoundRoute(Array)
#10 /home/moranni/Escritorio/GlobalHitss/Lumen/blog/vendor/laravel/lumen-framework/src/Concerns/RoutesRequests.php(416): Laravel\\Lumen\\Application->Laravel\\Lumen\\Concerns\\{closure}(Object(Laravel\\Lumen\\Http\\Request))
#11 /home/moranni/Escritorio/GlobalHitss/Lumen/blog/vendor/laravel/lumen-framework/src/Concerns/RoutesRequests.php(171): Laravel\\Lumen\\Application->sendThroughPipeline(Array, Object(Closure))
#12 /home/moranni/Escritorio/GlobalHitss/Lumen/blog/vendor/laravel/lumen-framework/src/Concerns/RoutesRequests.php(108): Laravel\\Lumen\\Application->dispatch(NULL)
#13 /home/moranni/Escritorio/GlobalHitss/Lumen/blog/public/index.php(28): Laravel\\Lumen\\Application->run()
#14 {main}
"} 
[2020-03-04 12:39:41] local.ERROR: ErrorException: Undefined index: usuario in /home/moranni/Escritorio/GlobalHitss/Lumen/blog/routes/web.php:64
Stack trace:
#0 /home/moranni/Escritorio/GlobalHitss/Lumen/blog/routes/web.php(64): Laravel\Lumen\Application->Laravel\Lumen\Concerns\{closure}(8, 'Undefined index...', '/home/moranni/E...', 64, Array)
#1 [internal function]: Closure->{closure}()
#2 /home/moranni/Escritorio/GlobalHitss/Lumen/blog/vendor/illuminate/container/BoundMethod.php(32): call_user_func_array(Object(Closure), Array)
#3 /home/moranni/Escritorio/GlobalHitss/Lumen/blog/vendor/illuminate/container/Util.php(36): Illuminate\Container\BoundMethod::Illuminate\Container\{closure}()
#4 /home/moranni/Escritorio/GlobalHitss/Lumen/blog/vendor/illuminate/container/BoundMethod.php(78): Illuminate\Container\Util::unwrapIfClosure(Object(Closure))
#5 /home/moranni/Escritorio/GlobalHitss/Lumen/blog/vendor/illuminate/container/BoundMethod.php(34): Illuminate\Container\BoundMethod::callBoundMethod(Object(Laravel\Lumen\Application), Object(Closure), Object(Closure))
#6 /home/moranni/Escritorio/GlobalHitss/Lumen/blog/vendor/illuminate/container/Container.php(590): Illuminate\Container\BoundMethod::call(Object(Laravel\Lumen\Application), Object(Closure), Array, NULL)
#7 /home/moranni/Escritorio/GlobalHitss/Lumen/blog/vendor/laravel/lumen-framework/src/Concerns/RoutesRequests.php(289): Illuminate\Container\Container->call(Object(Closure), Array)
#8 /home/moranni/Escritorio/GlobalHitss/Lumen/blog/vendor/laravel/lumen-framework/src/Concerns/RoutesRequests.php(263): Laravel\Lumen\Application->callActionOnArrayBasedRoute(Array)
#9 /home/moranni/Escritorio/GlobalHitss/Lumen/blog/vendor/laravel/lumen-framework/src/Concerns/RoutesRequests.php(165): Laravel\Lumen\Application->handleFoundRoute(Array)
#10 /home/moranni/Escritorio/GlobalHitss/Lumen/blog/vendor/laravel/lumen-framework/src/Concerns/RoutesRequests.php(416): Laravel\Lumen\Application->Laravel\Lumen\Concerns\{closure}(Object(Laravel\Lumen\Http\Request))
#11 /home/moranni/Escritorio/GlobalHitss/Lumen/blog/vendor/laravel/lumen-framework/src/Concerns/RoutesRequests.php(171): Laravel\Lumen\Application->sendThroughPipeline(Array, Object(Closure))
#12 /home/moranni/Escritorio/GlobalHitss/Lumen/blog/vendor/laravel/lumen-framework/src/Concerns/RoutesRequests.php(108): Laravel\Lumen\Application->dispatch(NULL)
#13 /home/moranni/Escritorio/GlobalHitss/Lumen/blog/public/index.php(28): Laravel\Lumen\Application->run()
#14 {main} {"exception":"[object] (ErrorException(code: 0): Undefined index: usuario at /home/moranni/Escritorio/GlobalHitss/Lumen/blog/routes/web.php:64)
[stacktrace]
#0 /home/moranni/Escritorio/GlobalHitss/Lumen/blog/routes/web.php(64): Laravel\\Lumen\\Application->Laravel\\Lumen\\Concerns\\{closure}(8, 'Undefined index...', '/home/moranni/E...', 64, Array)
#1 [internal function]: Closure->{closure}()
#2 /home/moranni/Escritorio/GlobalHitss/Lumen/blog/vendor/illuminate/container/BoundMethod.php(32): call_user_func_array(Object(Closure), Array)
#3 /home/moranni/Escritorio/GlobalHitss/Lumen/blog/vendor/illuminate/container/Util.php(36): Illuminate\\Container\\BoundMethod::Illuminate\\Container\\{closure}()
#4 /home/moranni/Escritorio/GlobalHitss/Lumen/blog/vendor/illuminate/container/BoundMethod.php(78): Illuminate\\Container\\Util::unwrapIfClosure(Object(Closure))
#5 /home/moranni/Escritorio/GlobalHitss/Lumen/blog/vendor/illuminate/container/BoundMethod.php(34): Illuminate\\Container\\BoundMethod::callBoundMethod(Object(Laravel\\Lumen\\Application), Object(Closure), Object(Closure))
#6 /home/moranni/Escritorio/GlobalHitss/Lumen/blog/vendor/illuminate/container/Container.php(590): Illuminate\\Container\\BoundMethod::call(Object(Laravel\\Lumen\\Application), Object(Closure), Array, NULL)
#7 /home/moranni/Escritorio/GlobalHitss/Lumen/blog/vendor/laravel/lumen-framework/src/Concerns/RoutesRequests.php(289): Illuminate\\Container\\Container->call(Object(Closure), Array)
#8 /home/moranni/Escritorio/GlobalHitss/Lumen/blog/vendor/laravel/lumen-framework/src/Concerns/RoutesRequests.php(263): Laravel\\Lumen\\Application->callActionOnArrayBasedRoute(Array)
#9 /home/moranni/Escritorio/GlobalHitss/Lumen/blog/vendor/laravel/lumen-framework/src/Concerns/RoutesRequests.php(165): Laravel\\Lumen\\Application->handleFoundRoute(Array)
#10 /home/moranni/Escritorio/GlobalHitss/Lumen/blog/vendor/laravel/lumen-framework/src/Concerns/RoutesRequests.php(416): Laravel\\Lumen\\Application->Laravel\\Lumen\\Concerns\\{closure}(Object(Laravel\\Lumen\\Http\\Request))
#11 /home/moranni/Escritorio/GlobalHitss/Lumen/blog/vendor/laravel/lumen-framework/src/Concerns/RoutesRequests.php(171): Laravel\\Lumen\\Application->sendThroughPipeline(Array, Object(Closure))
#12 /home/moranni/Escritorio/GlobalHitss/Lumen/blog/vendor/laravel/lumen-framework/src/Concerns/RoutesRequests.php(108): Laravel\\Lumen\\Application->dispatch(NULL)
#13 /home/moranni/Escritorio/GlobalHitss/Lumen/blog/public/index.php(28): Laravel\\Lumen\\Application->run()
#14 {main}
"} 
[2020-03-04 12:40:07] local.ERROR: ErrorException: Undefined index: usuario in /home/moranni/Escritorio/GlobalHitss/Lumen/blog/routes/web.php:65
Stack trace:
#0 /home/moranni/Escritorio/GlobalHitss/Lumen/blog/routes/web.php(65): Laravel\Lumen\Application->Laravel\Lumen\Concerns\{closure}(8, 'Undefined index...', '/home/moranni/E...', 65, Array)
#1 [internal function]: Closure->{closure}()
#2 /home/moranni/Escritorio/GlobalHitss/Lumen/blog/vendor/illuminate/container/BoundMethod.php(32): call_user_func_array(Object(Closure), Array)
#3 /home/moranni/Escritorio/GlobalHitss/Lumen/blog/vendor/illuminate/container/Util.php(36): Illuminate\Container\BoundMethod::Illuminate\Container\{closure}()
#4 /home/moranni/Escritorio/GlobalHitss/Lumen/blog/vendor/illuminate/container/BoundMethod.php(78): Illuminate\Container\Util::unwrapIfClosure(Object(Closure))
#5 /home/moranni/Escritorio/GlobalHitss/Lumen/blog/vendor/illuminate/container/BoundMethod.php(34): Illuminate\Container\BoundMethod::callBoundMethod(Object(Laravel\Lumen\Application), Object(Closure), Object(Closure))
#6 /home/moranni/Escritorio/GlobalHitss/Lumen/blog/vendor/illuminate/container/Container.php(590): Illuminate\Container\BoundMethod::call(Object(Laravel\Lumen\Application), Object(Closure), Array, NULL)
#7 /home/moranni/Escritorio/GlobalHitss/Lumen/blog/vendor/laravel/lumen-framework/src/Concerns/RoutesRequests.php(289): Illuminate\Container\Container->call(Object(Closure), Array)
#8 /home/moranni/Escritorio/GlobalHitss/Lumen/blog/vendor/laravel/lumen-framework/src/Concerns/RoutesRequests.php(263): Laravel\Lumen\Application->callActionOnArrayBasedRoute(Array)
#9 /home/moranni/Escritorio/GlobalHitss/Lumen/blog/vendor/laravel/lumen-framework/src/Concerns/RoutesRequests.php(165): Laravel\Lumen\Application->handleFoundRoute(Array)
#10 /home/moranni/Escritorio/GlobalHitss/Lumen/blog/vendor/laravel/lumen-framework/src/Concerns/RoutesRequests.php(416): Laravel\Lumen\Application->Laravel\Lumen\Concerns\{closure}(Object(Laravel\Lumen\Http\Request))
#11 /home/moranni/Escritorio/GlobalHitss/Lumen/blog/vendor/laravel/lumen-framework/src/Concerns/RoutesRequests.php(171): Laravel\Lumen\Application->sendThroughPipeline(Array, Object(Closure))
#12 /home/moranni/Escritorio/GlobalHitss/Lumen/blog/vendor/laravel/lumen-framework/src/Concerns/RoutesRequests.php(108): Laravel\Lumen\Application->dispatch(NULL)
#13 /home/moranni/Escritorio/GlobalHitss/Lumen/blog/public/index.php(28): Laravel\Lumen\Application->run()
#14 {main} {"exception":"[object] (ErrorException(code: 0): Undefined index: usuario at /home/moranni/Escritorio/GlobalHitss/Lumen/blog/routes/web.php:65)
[stacktrace]
#0 /home/moranni/Escritorio/GlobalHitss/Lumen/blog/routes/web.php(65): Laravel\\Lumen\\Application->Laravel\\Lumen\\Concerns\\{closure}(8, 'Undefined index...', '/home/moranni/E...', 65, Array)
#1 [internal function]: Closure->{closure}()
#2 /home/moranni/Escritorio/GlobalHitss/Lumen/blog/vendor/illuminate/container/BoundMethod.php(32): call_user_func_array(Object(Closure), Array)
#3 /home/moranni/Escritorio/GlobalHitss/Lumen/blog/vendor/illuminate/container/Util.php(36): Illuminate\\Container\\BoundMethod::Illuminate\\Container\\{closure}()
#4 /home/moranni/Escritorio/GlobalHitss/Lumen/blog/vendor/illuminate/container/BoundMethod.php(78): Illuminate\\Container\\Util::unwrapIfClosure(Object(Closure))
#5 /home/moranni/Escritorio/GlobalHitss/Lumen/blog/vendor/illuminate/container/BoundMethod.php(34): Illuminate\\Container\\BoundMethod::callBoundMethod(Object(Laravel\\Lumen\\Application), Object(Closure), Object(Closure))
#6 /home/moranni/Escritorio/GlobalHitss/Lumen/blog/vendor/illuminate/container/Container.php(590): Illuminate\\Container\\BoundMethod::call(Object(Laravel\\Lumen\\Application), Object(Closure), Array, NULL)
#7 /home/moranni/Escritorio/GlobalHitss/Lumen/blog/vendor/laravel/lumen-framework/src/Concerns/RoutesRequests.php(289): Illuminate\\Container\\Container->call(Object(Closure), Array)
#8 /home/moranni/Escritorio/GlobalHitss/Lumen/blog/vendor/laravel/lumen-framework/src/Concerns/RoutesRequests.php(263): Laravel\\Lumen\\Application->callActionOnArrayBasedRoute(Array)
#9 /home/moranni/Escritorio/GlobalHitss/Lumen/blog/vendor/laravel/lumen-framework/src/Concerns/RoutesRequests.php(165): Laravel\\Lumen\\Application->handleFoundRoute(Array)
#10 /home/moranni/Escritorio/GlobalHitss/Lumen/blog/vendor/laravel/lumen-framework/src/Concerns/RoutesRequests.php(416): Laravel\\Lumen\\Application->Laravel\\Lumen\\Concerns\\{closure}(Object(Laravel\\Lumen\\Http\\Request))
#11 /home/moranni/Escritorio/GlobalHitss/Lumen/blog/vendor/laravel/lumen-framework/src/Concerns/RoutesRequests.php(171): Laravel\\Lumen\\Application->sendThroughPipeline(Array, Object(Closure))
#12 /home/moranni/Escritorio/GlobalHitss/Lumen/blog/vendor/laravel/lumen-framework/src/Concerns/RoutesRequests.php(108): Laravel\\Lumen\\Application->dispatch(NULL)
#13 /home/moranni/Escritorio/GlobalHitss/Lumen/blog/public/index.php(28): Laravel\\Lumen\\Application->run()
#14 {main}
"} 
[2020-03-04 15:34:32] local.ERROR: ErrorException: Undefined index: usuarios in /home/moranni/Escritorio/GlobalHitss/Lumen/blog/routes/web.php:47
Stack trace:
#0 /home/moranni/Escritorio/GlobalHitss/Lumen/blog/routes/web.php(47): Laravel\Lumen\Application->Laravel\Lumen\Concerns\{closure}(8, 'Undefined index...', '/home/moranni/E...', 47, Array)
#1 [internal function]: Closure->{closure}()
#2 /home/moranni/Escritorio/GlobalHitss/Lumen/blog/vendor/illuminate/container/BoundMethod.php(32): call_user_func_array(Object(Closure), Array)
#3 /home/moranni/Escritorio/GlobalHitss/Lumen/blog/vendor/illuminate/container/Util.php(36): Illuminate\Container\BoundMethod::Illuminate\Container\{closure}()
#4 /home/moranni/Escritorio/GlobalHitss/Lumen/blog/vendor/illuminate/container/BoundMethod.php(78): Illuminate\Container\Util::unwrapIfClosure(Object(Closure))
#5 /home/moranni/Escritorio/GlobalHitss/Lumen/blog/vendor/illuminate/container/BoundMethod.php(34): Illuminate\Container\BoundMethod::callBoundMethod(Object(Laravel\Lumen\Application), Object(Closure), Object(Closure))
#6 /home/moranni/Escritorio/GlobalHitss/Lumen/blog/vendor/illuminate/container/Container.php(590): Illuminate\Container\BoundMethod::call(Object(Laravel\Lumen\Application), Object(Closure), Array, NULL)
#7 /home/moranni/Escritorio/GlobalHitss/Lumen/blog/vendor/laravel/lumen-framework/src/Concerns/RoutesRequests.php(289): Illuminate\Container\Container->call(Object(Closure), Array)
#8 /home/moranni/Escritorio/GlobalHitss/Lumen/blog/vendor/laravel/lumen-framework/src/Concerns/RoutesRequests.php(263): Laravel\Lumen\Application->callActionOnArrayBasedRoute(Array)
#9 /home/moranni/Escritorio/GlobalHitss/Lumen/blog/vendor/laravel/lumen-framework/src/Concerns/RoutesRequests.php(165): Laravel\Lumen\Application->handleFoundRoute(Array)
#10 /home/moranni/Escritorio/GlobalHitss/Lumen/blog/vendor/laravel/lumen-framework/src/Concerns/RoutesRequests.php(416): Laravel\Lumen\Application->Laravel\Lumen\Concerns\{closure}(Object(Laravel\Lumen\Http\Request))
#11 /home/moranni/Escritorio/GlobalHitss/Lumen/blog/vendor/laravel/lumen-framework/src/Concerns/RoutesRequests.php(171): Laravel\Lumen\Application->sendThroughPipeline(Array, Object(Closure))
#12 /home/moranni/Escritorio/GlobalHitss/Lumen/blog/vendor/laravel/lumen-framework/src/Concerns/RoutesRequests.php(108): Laravel\Lumen\Application->dispatch(NULL)
#13 /home/moranni/Escritorio/GlobalHitss/Lumen/blog/public/index.php(28): Laravel\Lumen\Application->run()
#14 {main} {"exception":"[object] (ErrorException(code: 0): Undefined index: usuarios at /home/moranni/Escritorio/GlobalHitss/Lumen/blog/routes/web.php:47)
[stacktrace]
#0 /home/moranni/Escritorio/GlobalHitss/Lumen/blog/routes/web.php(47): Laravel\\Lumen\\Application->Laravel\\Lumen\\Concerns\\{closure}(8, 'Undefined index...', '/home/moranni/E...', 47, Array)
#1 [internal function]: Closure->{closure}()
#2 /home/moranni/Escritorio/GlobalHitss/Lumen/blog/vendor/illuminate/container/BoundMethod.php(32): call_user_func_array(Object(Closure), Array)
#3 /home/moranni/Escritorio/GlobalHitss/Lumen/blog/vendor/illuminate/container/Util.php(36): Illuminate\\Container\\BoundMethod::Illuminate\\Container\\{closure}()
#4 /home/moranni/Escritorio/GlobalHitss/Lumen/blog/vendor/illuminate/container/BoundMethod.php(78): Illuminate\\Container\\Util::unwrapIfClosure(Object(Closure))
#5 /home/moranni/Escritorio/GlobalHitss/Lumen/blog/vendor/illuminate/container/BoundMethod.php(34): Illuminate\\Container\\BoundMethod::callBoundMethod(Object(Laravel\\Lumen\\Application), Object(Closure), Object(Closure))
#6 /home/moranni/Escritorio/GlobalHitss/Lumen/blog/vendor/illuminate/container/Container.php(590): Illuminate\\Container\\BoundMethod::call(Object(Laravel\\Lumen\\Application), Object(Closure), Array, NULL)
#7 /home/moranni/Escritorio/GlobalHitss/Lumen/blog/vendor/laravel/lumen-framework/src/Concerns/RoutesRequests.php(289): Illuminate\\Container\\Container->call(Object(Closure), Array)
#8 /home/moranni/Escritorio/GlobalHitss/Lumen/blog/vendor/laravel/lumen-framework/src/Concerns/RoutesRequests.php(263): Laravel\\Lumen\\Application->callActionOnArrayBasedRoute(Array)
#9 /home/moranni/Escritorio/GlobalHitss/Lumen/blog/vendor/laravel/lumen-framework/src/Concerns/RoutesRequests.php(165): Laravel\\Lumen\\Application->handleFoundRoute(Array)
#10 /home/moranni/Escritorio/GlobalHitss/Lumen/blog/vendor/laravel/lumen-framework/src/Concerns/RoutesRequests.php(416): Laravel\\Lumen\\Application->Laravel\\Lumen\\Concerns\\{closure}(Object(Laravel\\Lumen\\Http\\Request))
#11 /home/moranni/Escritorio/GlobalHitss/Lumen/blog/vendor/laravel/lumen-framework/src/Concerns/RoutesRequests.php(171): Laravel\\Lumen\\Application->sendThroughPipeline(Array, Object(Closure))
#12 /home/moranni/Escritorio/GlobalHitss/Lumen/blog/vendor/laravel/lumen-framework/src/Concerns/RoutesRequests.php(108): Laravel\\Lumen\\Application->dispatch(NULL)
#13 /home/moranni/Escritorio/GlobalHitss/Lumen/blog/public/index.php(28): Laravel\\Lumen\\Application->run()
#14 {main}
"} 
[2020-03-04 15:35:01] local.ERROR: ErrorException: Array to string conversion in /home/moranni/Escritorio/GlobalHitss/Lumen/blog/vendor/twig/twig/src/Environment.php(418) : eval()'d code:42
Stack trace:
#0 /home/moranni/Escritorio/GlobalHitss/Lumen/blog/vendor/twig/twig/src/Environment.php(418) : eval()'d code(42): Laravel\Lumen\Application->Laravel\Lumen\Concerns\{closure}(8, 'Array to string...', '/home/moranni/E...', 42, Array)
#1 /home/moranni/Escritorio/GlobalHitss/Lumen/blog/vendor/twig/twig/src/Template.php(407): __TwigTemplate_47fe72c2f5b0a0e68fd1cf5038cf476643bd0d0ee3b2014b5ee3bc518e352846->doDisplay(Array, Array)
#2 /home/moranni/Escritorio/GlobalHitss/Lumen/blog/vendor/twig/twig/src/Template.php(380): Twig\Template->displayWithErrorHandling(Array, Array)
#3 /home/moranni/Escritorio/GlobalHitss/Lumen/blog/vendor/twig/twig/src/Template.php(392): Twig\Template->display(Array)
#4 /home/moranni/Escritorio/GlobalHitss/Lumen/blog/vendor/twig/twig/src/TemplateWrapper.php(45): Twig\Template->render(Array, Array)
#5 /home/moranni/Escritorio/GlobalHitss/Lumen/blog/vendor/twig/twig/src/Environment.php(318): Twig\TemplateWrapper->render(Array)
#6 /home/moranni/Escritorio/GlobalHitss/Lumen/blog/routes/web.php(84): Twig\Environment->render('autos.html', Array)
#7 [internal function]: Closure->{closure}()
#8 /home/moranni/Escritorio/GlobalHitss/Lumen/blog/vendor/illuminate/container/BoundMethod.php(32): call_user_func_array(Object(Closure), Array)
#9 /home/moranni/Escritorio/GlobalHitss/Lumen/blog/vendor/illuminate/container/Util.php(36): Illuminate\Container\BoundMethod::Illuminate\Container\{closure}()
#10 /home/moranni/Escritorio/GlobalHitss/Lumen/blog/vendor/illuminate/container/BoundMethod.php(78): Illuminate\Container\Util::unwrapIfClosure(Object(Closure))
#11 /home/moranni/Escritorio/GlobalHitss/Lumen/blog/vendor/illuminate/container/BoundMethod.php(34): Illuminate\Container\BoundMethod::callBoundMethod(Object(Laravel\Lumen\Application), Object(Closure), Object(Closure))
#12 /home/moranni/Escritorio/GlobalHitss/Lumen/blog/vendor/illuminate/container/Container.php(590): Illuminate\Container\BoundMethod::call(Object(Laravel\Lumen\Application), Object(Closure), Array, NULL)
#13 /home/moranni/Escritorio/GlobalHitss/Lumen/blog/vendor/laravel/lumen-framework/src/Concerns/RoutesRequests.php(289): Illuminate\Container\Container->call(Object(Closure), Array)
#14 /home/moranni/Escritorio/GlobalHitss/Lumen/blog/vendor/laravel/lumen-framework/src/Concerns/RoutesRequests.php(263): Laravel\Lumen\Application->callActionOnArrayBasedRoute(Array)
#15 /home/moranni/Escritorio/GlobalHitss/Lumen/blog/vendor/laravel/lumen-framework/src/Concerns/RoutesRequests.php(165): Laravel\Lumen\Application->handleFoundRoute(Array)
#16 /home/moranni/Escritorio/GlobalHitss/Lumen/blog/vendor/laravel/lumen-framework/src/Concerns/RoutesRequests.php(416): Laravel\Lumen\Application->Laravel\Lumen\Concerns\{closure}(Object(Laravel\Lumen\Http\Request))
#17 /home/moranni/Escritorio/GlobalHitss/Lumen/blog/vendor/laravel/lumen-framework/src/Concerns/RoutesRequests.php(171): Laravel\Lumen\Application->sendThroughPipeline(Array, Object(Closure))
#18 /home/moranni/Escritorio/GlobalHitss/Lumen/blog/vendor/laravel/lumen-framework/src/Concerns/RoutesRequests.php(108): Laravel\Lumen\Application->dispatch(NULL)
#19 /home/moranni/Escritorio/GlobalHitss/Lumen/blog/public/index.php(28): Laravel\Lumen\Application->run()
#20 {main}

Next Twig\Error\RuntimeError: An exception has been thrown during the rendering of a template ("Array to string conversion"). in /home/moranni/Escritorio/GlobalHitss/Lumen/blog/templates/autos.html:4
Stack trace:
#0 /home/moranni/Escritorio/GlobalHitss/Lumen/blog/vendor/twig/twig/src/Template.php(380): Twig\Template->displayWithErrorHandling(Array, Array)
#1 /home/moranni/Escritorio/GlobalHitss/Lumen/blog/vendor/twig/twig/src/Template.php(392): Twig\Template->display(Array)
#2 /home/moranni/Escritorio/GlobalHitss/Lumen/blog/vendor/twig/twig/src/TemplateWrapper.php(45): Twig\Template->render(Array, Array)
#3 /home/moranni/Escritorio/GlobalHitss/Lumen/blog/vendor/twig/twig/src/Environment.php(318): Twig\TemplateWrapper->render(Array)
#4 /home/moranni/Escritorio/GlobalHitss/Lumen/blog/routes/web.php(84): Twig\Environment->render('autos.html', Array)
#5 [internal function]: Closure->{closure}()
#6 /home/moranni/Escritorio/GlobalHitss/Lumen/blog/vendor/illuminate/container/BoundMethod.php(32): call_user_func_array(Object(Closure), Array)
#7 /home/moranni/Escritorio/GlobalHitss/Lumen/blog/vendor/illuminate/container/Util.php(36): Illuminate\Container\BoundMethod::Illuminate\Container\{closure}()
#8 /home/moranni/Escritorio/GlobalHitss/Lumen/blog/vendor/illuminate/container/BoundMethod.php(78): Illuminate\Container\Util::unwrapIfClosure(Object(Closure))
#9 /home/moranni/Escritorio/GlobalHitss/Lumen/blog/vendor/illuminate/container/BoundMethod.php(34): Illuminate\Container\BoundMethod::callBoundMethod(Object(Laravel\Lumen\Application), Object(Closure), Object(Closure))
#10 /home/moranni/Escritorio/GlobalHitss/Lumen/blog/vendor/illuminate/container/Container.php(590): Illuminate\Container\BoundMethod::call(Object(Laravel\Lumen\Application), Object(Closure), Array, NULL)
#11 /home/moranni/Escritorio/GlobalHitss/Lumen/blog/vendor/laravel/lumen-framework/src/Concerns/RoutesRequests.php(289): Illuminate\Container\Container->call(Object(Closure), Array)
#12 /home/moranni/Escritorio/GlobalHitss/Lumen/blog/vendor/laravel/lumen-framework/src/Concerns/RoutesRequests.php(263): Laravel\Lumen\Application->callActionOnArrayBasedRoute(Array)
#13 /home/moranni/Escritorio/GlobalHitss/Lumen/blog/vendor/laravel/lumen-framework/src/Concerns/RoutesRequests.php(165): Laravel\Lumen\Application->handleFoundRoute(Array)
#14 /home/moranni/Escritorio/GlobalHitss/Lumen/blog/vendor/laravel/lumen-framework/src/Concerns/RoutesRequests.php(416): Laravel\Lumen\Application->Laravel\Lumen\Concerns\{closure}(Object(Laravel\Lumen\Http\Request))
#15 /home/moranni/Escritorio/GlobalHitss/Lumen/blog/vendor/laravel/lumen-framework/src/Concerns/RoutesRequests.php(171): Laravel\Lumen\Application->sendThroughPipeline(Array, Object(Closure))
#16 /home/moranni/Escritorio/GlobalHitss/Lumen/blog/vendor/laravel/lumen-framework/src/Concerns/RoutesRequests.php(108): Laravel\Lumen\Application->dispatch(NULL)
#17 /home/moranni/Escritorio/GlobalHitss/Lumen/blog/public/index.php(28): Laravel\Lumen\Application->run()
#18 {main} {"exception":"[object] (Twig\\Error\\RuntimeError(code: 0): An exception has been thrown during the rendering of a template (\"Array to string conversion\"). at /home/moranni/Escritorio/GlobalHitss/Lumen/blog/templates/autos.html:4)
[stacktrace]
#0 /home/moranni/Escritorio/GlobalHitss/Lumen/blog/vendor/twig/twig/src/Template.php(380): Twig\\Template->displayWithErrorHandling(Array, Array)
#1 /home/moranni/Escritorio/GlobalHitss/Lumen/blog/vendor/twig/twig/src/Template.php(392): Twig\\Template->display(Array)
#2 /home/moranni/Escritorio/GlobalHitss/Lumen/blog/vendor/twig/twig/src/TemplateWrapper.php(45): Twig\\Template->render(Array, Array)
#3 /home/moranni/Escritorio/GlobalHitss/Lumen/blog/vendor/twig/twig/src/Environment.php(318): Twig\\TemplateWrapper->render(Array)
#4 /home/moranni/Escritorio/GlobalHitss/Lumen/blog/routes/web.php(84): Twig\\Environment->render('autos.html', Array)
#5 [internal function]: Closure->{closure}()
#6 /home/moranni/Escritorio/GlobalHitss/Lumen/blog/vendor/illuminate/container/BoundMethod.php(32): call_user_func_array(Object(Closure), Array)
#7 /home/moranni/Escritorio/GlobalHitss/Lumen/blog/vendor/illuminate/container/Util.php(36): Illuminate\\Container\\BoundMethod::Illuminate\\Container\\{closure}()
#8 /home/moranni/Escritorio/GlobalHitss/Lumen/blog/vendor/illuminate/container/BoundMethod.php(78): Illuminate\\Container\\Util::unwrapIfClosure(Object(Closure))
#9 /home/moranni/Escritorio/GlobalHitss/Lumen/blog/vendor/illuminate/container/BoundMethod.php(34): Illuminate\\Container\\BoundMethod::callBoundMethod(Object(Laravel\\Lumen\\Application), Object(Closure), Object(Closure))
#10 /home/moranni/Escritorio/GlobalHitss/Lumen/blog/vendor/illuminate/container/Container.php(590): Illuminate\\Container\\BoundMethod::call(Object(Laravel\\Lumen\\Application), Object(Closure), Array, NULL)
#11 /home/moranni/Escritorio/GlobalHitss/Lumen/blog/vendor/laravel/lumen-framework/src/Concerns/RoutesRequests.php(289): Illuminate\\Container\\Container->call(Object(Closure), Array)
#12 /home/moranni/Escritorio/GlobalHitss/Lumen/blog/vendor/laravel/lumen-framework/src/Concerns/RoutesRequests.php(263): Laravel\\Lumen\\Application->callActionOnArrayBasedRoute(Array)
#13 /home/moranni/Escritorio/GlobalHitss/Lumen/blog/vendor/laravel/lumen-framework/src/Concerns/RoutesRequests.php(165): Laravel\\Lumen\\Application->handleFoundRoute(Array)
#14 /home/moranni/Escritorio/GlobalHitss/Lumen/blog/vendor/laravel/lumen-framework/src/Concerns/RoutesRequests.php(416): Laravel\\Lumen\\Application->Laravel\\Lumen\\Concerns\\{closure}(Object(Laravel\\Lumen\\Http\\Request))
#15 /home/moranni/Escritorio/GlobalHitss/Lumen/blog/vendor/laravel/lumen-framework/src/Concerns/RoutesRequests.php(171): Laravel\\Lumen\\Application->sendThroughPipeline(Array, Object(Closure))
#16 /home/moranni/Escritorio/GlobalHitss/Lumen/blog/vendor/laravel/lumen-framework/src/Concerns/RoutesRequests.php(108): Laravel\\Lumen\\Application->dispatch(NULL)
#17 /home/moranni/Escritorio/GlobalHitss/Lumen/blog/public/index.php(28): Laravel\\Lumen\\Application->run()
#18 {main}

[previous exception] [object] (ErrorException(code: 0): Array to string conversion at /home/moranni/Escritorio/GlobalHitss/Lumen/blog/vendor/twig/twig/src/Environment.php(418) : eval()'d code:42)
[stacktrace]
#0 /home/moranni/Escritorio/GlobalHitss/Lumen/blog/vendor/twig/twig/src/Environment.php(418) : eval()'d code(42): Laravel\\Lumen\\Application->Laravel\\Lumen\\Concerns\\{closure}(8, 'Array to string...', '/home/moranni/E...', 42, Array)
#1 /home/moranni/Escritorio/GlobalHitss/Lumen/blog/vendor/twig/twig/src/Template.php(407): __TwigTemplate_47fe72c2f5b0a0e68fd1cf5038cf476643bd0d0ee3b2014b5ee3bc518e352846->doDisplay(Array, Array)
#2 /home/moranni/Escritorio/GlobalHitss/Lumen/blog/vendor/twig/twig/src/Template.php(380): Twig\\Template->displayWithErrorHandling(Array, Array)
#3 /home/moranni/Escritorio/GlobalHitss/Lumen/blog/vendor/twig/twig/src/Template.php(392): Twig\\Template->display(Array)
#4 /home/moranni/Escritorio/GlobalHitss/Lumen/blog/vendor/twig/twig/src/TemplateWrapper.php(45): Twig\\Template->render(Array, Array)
#5 /home/moranni/Escritorio/GlobalHitss/Lumen/blog/vendor/twig/twig/src/Environment.php(318): Twig\\TemplateWrapper->render(Array)
#6 /home/moranni/Escritorio/GlobalHitss/Lumen/blog/routes/web.php(84): Twig\\Environment->render('autos.html', Array)
#7 [internal function]: Closure->{closure}()
#8 /home/moranni/Escritorio/GlobalHitss/Lumen/blog/vendor/illuminate/container/BoundMethod.php(32): call_user_func_array(Object(Closure), Array)
#9 /home/moranni/Escritorio/GlobalHitss/Lumen/blog/vendor/illuminate/container/Util.php(36): Illuminate\\Container\\BoundMethod::Illuminate\\Container\\{closure}()
#10 /home/moranni/Escritorio/GlobalHitss/Lumen/blog/vendor/illuminate/container/BoundMethod.php(78): Illuminate\\Container\\Util::unwrapIfClosure(Object(Closure))
#11 /home/moranni/Escritorio/GlobalHitss/Lumen/blog/vendor/illuminate/container/BoundMethod.php(34): Illuminate\\Container\\BoundMethod::callBoundMethod(Object(Laravel\\Lumen\\Application), Object(Closure), Object(Closure))
#12 /home/moranni/Escritorio/GlobalHitss/Lumen/blog/vendor/illuminate/container/Container.php(590): Illuminate\\Container\\BoundMethod::call(Object(Laravel\\Lumen\\Application), Object(Closure), Array, NULL)
#13 /home/moranni/Escritorio/GlobalHitss/Lumen/blog/vendor/laravel/lumen-framework/src/Concerns/RoutesRequests.php(289): Illuminate\\Container\\Container->call(Object(Closure), Array)
#14 /home/moranni/Escritorio/GlobalHitss/Lumen/blog/vendor/laravel/lumen-framework/src/Concerns/RoutesRequests.php(263): Laravel\\Lumen\\Application->callActionOnArrayBasedRoute(Array)
#15 /home/moranni/Escritorio/GlobalHitss/Lumen/blog/vendor/laravel/lumen-framework/src/Concerns/RoutesRequests.php(165): Laravel\\Lumen\\Application->handleFoundRoute(Array)
#16 /home/moranni/Escritorio/GlobalHitss/Lumen/blog/vendor/laravel/lumen-framework/src/Concerns/RoutesRequests.php(416): Laravel\\Lumen\\Application->Laravel\\Lumen\\Concerns\\{closure}(Object(Laravel\\Lumen\\Http\\Request))
#17 /home/moranni/Escritorio/GlobalHitss/Lumen/blog/vendor/laravel/lumen-framework/src/Concerns/RoutesRequests.php(171): Laravel\\Lumen\\Application->sendThroughPipeline(Array, Object(Closure))
#18 /home/moranni/Escritorio/GlobalHitss/Lumen/blog/vendor/laravel/lumen-framework/src/Concerns/RoutesRequests.php(108): Laravel\\Lumen\\Application->dispatch(NULL)
#19 /home/moranni/Escritorio/GlobalHitss/Lumen/blog/public/index.php(28): Laravel\\Lumen\\Application->run()
#20 {main}
"} 
[2020-03-04 17:21:15] local.ERROR: ErrorException: Array to string conversion in /home/moranni/Escritorio/GlobalHitss/Lumen/blog/vendor/twig/twig/src/Environment.php(418) : eval()'d code:42
Stack trace:
#0 /home/moranni/Escritorio/GlobalHitss/Lumen/blog/vendor/twig/twig/src/Environment.php(418) : eval()'d code(42): Laravel\Lumen\Application->Laravel\Lumen\Concerns\{closure}(8, 'Array to string...', '/home/moranni/E...', 42, Array)
#1 /home/moranni/Escritorio/GlobalHitss/Lumen/blog/vendor/twig/twig/src/Template.php(407): __TwigTemplate_47fe72c2f5b0a0e68fd1cf5038cf476643bd0d0ee3b2014b5ee3bc518e352846->doDisplay(Array, Array)
#2 /home/moranni/Escritorio/GlobalHitss/Lumen/blog/vendor/twig/twig/src/Template.php(380): Twig\Template->displayWithErrorHandling(Array, Array)
#3 /home/moranni/Escritorio/GlobalHitss/Lumen/blog/vendor/twig/twig/src/Template.php(392): Twig\Template->display(Array)
#4 /home/moranni/Escritorio/GlobalHitss/Lumen/blog/vendor/twig/twig/src/TemplateWrapper.php(45): Twig\Template->render(Array, Array)
#5 /home/moranni/Escritorio/GlobalHitss/Lumen/blog/vendor/twig/twig/src/Environment.php(318): Twig\TemplateWrapper->render(Array)
#6 /home/moranni/Escritorio/GlobalHitss/Lumen/blog/routes/web.php(84): Twig\Environment->render('autos.html', Array)
#7 [internal function]: Closure->{closure}()
#8 /home/moranni/Escritorio/GlobalHitss/Lumen/blog/vendor/illuminate/container/BoundMethod.php(32): call_user_func_array(Object(Closure), Array)
#9 /home/moranni/Escritorio/GlobalHitss/Lumen/blog/vendor/illuminate/container/Util.php(36): Illuminate\Container\BoundMethod::Illuminate\Container\{closure}()
#10 /home/moranni/Escritorio/GlobalHitss/Lumen/blog/vendor/illuminate/container/BoundMethod.php(78): Illuminate\Container\Util::unwrapIfClosure(Object(Closure))
#11 /home/moranni/Escritorio/GlobalHitss/Lumen/blog/vendor/illuminate/container/BoundMethod.php(34): Illuminate\Container\BoundMethod::callBoundMethod(Object(Laravel\Lumen\Application), Object(Closure), Object(Closure))
#12 /home/moranni/Escritorio/GlobalHitss/Lumen/blog/vendor/illuminate/container/Container.php(590): Illuminate\Container\BoundMethod::call(Object(Laravel\Lumen\Application), Object(Closure), Array, NULL)
#13 /home/moranni/Escritorio/GlobalHitss/Lumen/blog/vendor/laravel/lumen-framework/src/Concerns/RoutesRequests.php(289): Illuminate\Container\Container->call(Object(Closure), Array)
#14 /home/moranni/Escritorio/GlobalHitss/Lumen/blog/vendor/laravel/lumen-framework/src/Concerns/RoutesRequests.php(263): Laravel\Lumen\Application->callActionOnArrayBasedRoute(Array)
#15 /home/moranni/Escritorio/GlobalHitss/Lumen/blog/vendor/laravel/lumen-framework/src/Concerns/RoutesRequests.php(165): Laravel\Lumen\Application->handleFoundRoute(Array)
#16 /home/moranni/Escritorio/GlobalHitss/Lumen/blog/vendor/laravel/lumen-framework/src/Concerns/RoutesRequests.php(416): Laravel\Lumen\Application->Laravel\Lumen\Concerns\{closure}(Object(Laravel\Lumen\Http\Request))
#17 /home/moranni/Escritorio/GlobalHitss/Lumen/blog/vendor/laravel/lumen-framework/src/Concerns/RoutesRequests.php(171): Laravel\Lumen\Application->sendThroughPipeline(Array, Object(Closure))
#18 /home/moranni/Escritorio/GlobalHitss/Lumen/blog/vendor/laravel/lumen-framework/src/Concerns/RoutesRequests.php(108): Laravel\Lumen\Application->dispatch(NULL)
#19 /home/moranni/Escritorio/GlobalHitss/Lumen/blog/public/index.php(28): Laravel\Lumen\Application->run()
#20 {main}

Next Twig\Error\RuntimeError: An exception has been thrown during the rendering of a template ("Array to string conversion"). in /home/moranni/Escritorio/GlobalHitss/Lumen/blog/templates/autos.html:4
Stack trace:
#0 /home/moranni/Escritorio/GlobalHitss/Lumen/blog/vendor/twig/twig/src/Template.php(380): Twig\Template->displayWithErrorHandling(Array, Array)
#1 /home/moranni/Escritorio/GlobalHitss/Lumen/blog/vendor/twig/twig/src/Template.php(392): Twig\Template->display(Array)
#2 /home/moranni/Escritorio/GlobalHitss/Lumen/blog/vendor/twig/twig/src/TemplateWrapper.php(45): Twig\Template->render(Array, Array)
#3 /home/moranni/Escritorio/GlobalHitss/Lumen/blog/vendor/twig/twig/src/Environment.php(318): Twig\TemplateWrapper->render(Array)
#4 /home/moranni/Escritorio/GlobalHitss/Lumen/blog/routes/web.php(84): Twig\Environment->render('autos.html', Array)
#5 [internal function]: Closure->{closure}()
#6 /home/moranni/Escritorio/GlobalHitss/Lumen/blog/vendor/illuminate/container/BoundMethod.php(32): call_user_func_array(Object(Closure), Array)
#7 /home/moranni/Escritorio/GlobalHitss/Lumen/blog/vendor/illuminate/container/Util.php(36): Illuminate\Container\BoundMethod::Illuminate\Container\{closure}()
#8 /home/moranni/Escritorio/GlobalHitss/Lumen/blog/vendor/illuminate/container/BoundMethod.php(78): Illuminate\Container\Util::unwrapIfClosure(Object(Closure))
#9 /home/moranni/Escritorio/GlobalHitss/Lumen/blog/vendor/illuminate/container/BoundMethod.php(34): Illuminate\Container\BoundMethod::callBoundMethod(Object(Laravel\Lumen\Application), Object(Closure), Object(Closure))
#10 /home/moranni/Escritorio/GlobalHitss/Lumen/blog/vendor/illuminate/container/Container.php(590): Illuminate\Container\BoundMethod::call(Object(Laravel\Lumen\Application), Object(Closure), Array, NULL)
#11 /home/moranni/Escritorio/GlobalHitss/Lumen/blog/vendor/laravel/lumen-framework/src/Concerns/RoutesRequests.php(289): Illuminate\Container\Container->call(Object(Closure), Array)
#12 /home/moranni/Escritorio/GlobalHitss/Lumen/blog/vendor/laravel/lumen-framework/src/Concerns/RoutesRequests.php(263): Laravel\Lumen\Application->callActionOnArrayBasedRoute(Array)
#13 /home/moranni/Escritorio/GlobalHitss/Lumen/blog/vendor/laravel/lumen-framework/src/Concerns/RoutesRequests.php(165): Laravel\Lumen\Application->handleFoundRoute(Array)
#14 /home/moranni/Escritorio/GlobalHitss/Lumen/blog/vendor/laravel/lumen-framework/src/Concerns/RoutesRequests.php(416): Laravel\Lumen\Application->Laravel\Lumen\Concerns\{closure}(Object(Laravel\Lumen\Http\Request))
#15 /home/moranni/Escritorio/GlobalHitss/Lumen/blog/vendor/laravel/lumen-framework/src/Concerns/RoutesRequests.php(171): Laravel\Lumen\Application->sendThroughPipeline(Array, Object(Closure))
#16 /home/moranni/Escritorio/GlobalHitss/Lumen/blog/vendor/laravel/lumen-framework/src/Concerns/RoutesRequests.php(108): Laravel\Lumen\Application->dispatch(NULL)
#17 /home/moranni/Escritorio/GlobalHitss/Lumen/blog/public/index.php(28): Laravel\Lumen\Application->run()
#18 {main} {"exception":"[object] (Twig\\Error\\RuntimeError(code: 0): An exception has been thrown during the rendering of a template (\"Array to string conversion\"). at /home/moranni/Escritorio/GlobalHitss/Lumen/blog/templates/autos.html:4)
[stacktrace]
#0 /home/moranni/Escritorio/GlobalHitss/Lumen/blog/vendor/twig/twig/src/Template.php(380): Twig\\Template->displayWithErrorHandling(Array, Array)
#1 /home/moranni/Escritorio/GlobalHitss/Lumen/blog/vendor/twig/twig/src/Template.php(392): Twig\\Template->display(Array)
#2 /home/moranni/Escritorio/GlobalHitss/Lumen/blog/vendor/twig/twig/src/TemplateWrapper.php(45): Twig\\Template->render(Array, Array)
#3 /home/moranni/Escritorio/GlobalHitss/Lumen/blog/vendor/twig/twig/src/Environment.php(318): Twig\\TemplateWrapper->render(Array)
#4 /home/moranni/Escritorio/GlobalHitss/Lumen/blog/routes/web.php(84): Twig\\Environment->render('autos.html', Array)
#5 [internal function]: Closure->{closure}()
#6 /home/moranni/Escritorio/GlobalHitss/Lumen/blog/vendor/illuminate/container/BoundMethod.php(32): call_user_func_array(Object(Closure), Array)
#7 /home/moranni/Escritorio/GlobalHitss/Lumen/blog/vendor/illuminate/container/Util.php(36): Illuminate\\Container\\BoundMethod::Illuminate\\Container\\{closure}()
#8 /home/moranni/Escritorio/GlobalHitss/Lumen/blog/vendor/illuminate/container/BoundMethod.php(78): Illuminate\\Container\\Util::unwrapIfClosure(Object(Closure))
#9 /home/moranni/Escritorio/GlobalHitss/Lumen/blog/vendor/illuminate/container/BoundMethod.php(34): Illuminate\\Container\\BoundMethod::callBoundMethod(Object(Laravel\\Lumen\\Application), Object(Closure), Object(Closure))
#10 /home/moranni/Escritorio/GlobalHitss/Lumen/blog/vendor/illuminate/container/Container.php(590): Illuminate\\Container\\BoundMethod::call(Object(Laravel\\Lumen\\Application), Object(Closure), Array, NULL)
#11 /home/moranni/Escritorio/GlobalHitss/Lumen/blog/vendor/laravel/lumen-framework/src/Concerns/RoutesRequests.php(289): Illuminate\\Container\\Container->call(Object(Closure), Array)
#12 /home/moranni/Escritorio/GlobalHitss/Lumen/blog/vendor/laravel/lumen-framework/src/Concerns/RoutesRequests.php(263): Laravel\\Lumen\\Application->callActionOnArrayBasedRoute(Array)
#13 /home/moranni/Escritorio/GlobalHitss/Lumen/blog/vendor/laravel/lumen-framework/src/Concerns/RoutesRequests.php(165): Laravel\\Lumen\\Application->handleFoundRoute(Array)
#14 /home/moranni/Escritorio/GlobalHitss/Lumen/blog/vendor/laravel/lumen-framework/src/Concerns/RoutesRequests.php(416): Laravel\\Lumen\\Application->Laravel\\Lumen\\Concerns\\{closure}(Object(Laravel\\Lumen\\Http\\Request))
#15 /home/moranni/Escritorio/GlobalHitss/Lumen/blog/vendor/laravel/lumen-framework/src/Concerns/RoutesRequests.php(171): Laravel\\Lumen\\Application->sendThroughPipeline(Array, Object(Closure))
#16 /home/moranni/Escritorio/GlobalHitss/Lumen/blog/vendor/laravel/lumen-framework/src/Concerns/RoutesRequests.php(108): Laravel\\Lumen\\Application->dispatch(NULL)
#17 /home/moranni/Escritorio/GlobalHitss/Lumen/blog/public/index.php(28): Laravel\\Lumen\\Application->run()
#18 {main}

[previous exception] [object] (ErrorException(code: 0): Array to string conversion at /home/moranni/Escritorio/GlobalHitss/Lumen/blog/vendor/twig/twig/src/Environment.php(418) : eval()'d code:42)
[stacktrace]
#0 /home/moranni/Escritorio/GlobalHitss/Lumen/blog/vendor/twig/twig/src/Environment.php(418) : eval()'d code(42): Laravel\\Lumen\\Application->Laravel\\Lumen\\Concerns\\{closure}(8, 'Array to string...', '/home/moranni/E...', 42, Array)
#1 /home/moranni/Escritorio/GlobalHitss/Lumen/blog/vendor/twig/twig/src/Template.php(407): __TwigTemplate_47fe72c2f5b0a0e68fd1cf5038cf476643bd0d0ee3b2014b5ee3bc518e352846->doDisplay(Array, Array)
#2 /home/moranni/Escritorio/GlobalHitss/Lumen/blog/vendor/twig/twig/src/Template.php(380): Twig\\Template->displayWithErrorHandling(Array, Array)
#3 /home/moranni/Escritorio/GlobalHitss/Lumen/blog/vendor/twig/twig/src/Template.php(392): Twig\\Template->display(Array)
#4 /home/moranni/Escritorio/GlobalHitss/Lumen/blog/vendor/twig/twig/src/TemplateWrapper.php(45): Twig\\Template->render(Array, Array)
#5 /home/moranni/Escritorio/GlobalHitss/Lumen/blog/vendor/twig/twig/src/Environment.php(318): Twig\\TemplateWrapper->render(Array)
#6 /home/moranni/Escritorio/GlobalHitss/Lumen/blog/routes/web.php(84): Twig\\Environment->render('autos.html', Array)
#7 [internal function]: Closure->{closure}()
#8 /home/moranni/Escritorio/GlobalHitss/Lumen/blog/vendor/illuminate/container/BoundMethod.php(32): call_user_func_array(Object(Closure), Array)
#9 /home/moranni/Escritorio/GlobalHitss/Lumen/blog/vendor/illuminate/container/Util.php(36): Illuminate\\Container\\BoundMethod::Illuminate\\Container\\{closure}()
#10 /home/moranni/Escritorio/GlobalHitss/Lumen/blog/vendor/illuminate/container/BoundMethod.php(78): Illuminate\\Container\\Util::unwrapIfClosure(Object(Closure))
#11 /home/moranni/Escritorio/GlobalHitss/Lumen/blog/vendor/illuminate/container/BoundMethod.php(34): Illuminate\\Container\\BoundMethod::callBoundMethod(Object(Laravel\\Lumen\\Application), Object(Closure), Object(Closure))
#12 /home/moranni/Escritorio/GlobalHitss/Lumen/blog/vendor/illuminate/container/Container.php(590): Illuminate\\Container\\BoundMethod::call(Object(Laravel\\Lumen\\Application), Object(Closure), Array, NULL)
#13 /home/moranni/Escritorio/GlobalHitss/Lumen/blog/vendor/laravel/lumen-framework/src/Concerns/RoutesRequests.php(289): Illuminate\\Container\\Container->call(Object(Closure), Array)
#14 /home/moranni/Escritorio/GlobalHitss/Lumen/blog/vendor/laravel/lumen-framework/src/Concerns/RoutesRequests.php(263): Laravel\\Lumen\\Application->callActionOnArrayBasedRoute(Array)
#15 /home/moranni/Escritorio/GlobalHitss/Lumen/blog/vendor/laravel/lumen-framework/src/Concerns/RoutesRequests.php(165): Laravel\\Lumen\\Application->handleFoundRoute(Array)
#16 /home/moranni/Escritorio/GlobalHitss/Lumen/blog/vendor/laravel/lumen-framework/src/Concerns/RoutesRequests.php(416): Laravel\\Lumen\\Application->Laravel\\Lumen\\Concerns\\{closure}(Object(Laravel\\Lumen\\Http\\Request))
#17 /home/moranni/Escritorio/GlobalHitss/Lumen/blog/vendor/laravel/lumen-framework/src/Concerns/RoutesRequests.php(171): Laravel\\Lumen\\Application->sendThroughPipeline(Array, Object(Closure))
#18 /home/moranni/Escritorio/GlobalHitss/Lumen/blog/vendor/laravel/lumen-framework/src/Concerns/RoutesRequests.php(108): Laravel\\Lumen\\Application->dispatch(NULL)
#19 /home/moranni/Escritorio/GlobalHitss/Lumen/blog/public/index.php(28): Laravel\\Lumen\\Application->run()
#20 {main}
"} 
[2020-03-04 17:38:16] local.ERROR: Twig\Error\LoaderError: Unable to find template "motos.html" (looked into: /home/moranni/Escritorio/GlobalHitss/Lumen/blog/routes/../templates). in /home/moranni/Escritorio/GlobalHitss/Lumen/blog/vendor/twig/twig/src/Loader/FilesystemLoader.php:250
Stack trace:
#0 /home/moranni/Escritorio/GlobalHitss/Lumen/blog/vendor/twig/twig/src/Loader/FilesystemLoader.php(150): Twig\Loader\FilesystemLoader->findTemplate('motos.html')
#1 /home/moranni/Escritorio/GlobalHitss/Lumen/blog/vendor/twig/twig/src/Environment.php(299): Twig\Loader\FilesystemLoader->getCacheKey('motos.html')
#2 /home/moranni/Escritorio/GlobalHitss/Lumen/blog/vendor/twig/twig/src/Environment.php(381): Twig\Environment->getTemplateClass('motos.html')
#3 /home/moranni/Escritorio/GlobalHitss/Lumen/blog/vendor/twig/twig/src/Environment.php(359): Twig\Environment->loadTemplate('motos.html')
#4 /home/moranni/Escritorio/GlobalHitss/Lumen/blog/routes/web.php(96): Twig\Environment->load('motos.html')
#5 [internal function]: Closure->{closure}()
#6 /home/moranni/Escritorio/GlobalHitss/Lumen/blog/vendor/illuminate/container/BoundMethod.php(32): call_user_func_array(Object(Closure), Array)
#7 /home/moranni/Escritorio/GlobalHitss/Lumen/blog/vendor/illuminate/container/Util.php(36): Illuminate\Container\BoundMethod::Illuminate\Container\{closure}()
#8 /home/moranni/Escritorio/GlobalHitss/Lumen/blog/vendor/illuminate/container/BoundMethod.php(78): Illuminate\Container\Util::unwrapIfClosure(Object(Closure))
#9 /home/moranni/Escritorio/GlobalHitss/Lumen/blog/vendor/illuminate/container/BoundMethod.php(34): Illuminate\Container\BoundMethod::callBoundMethod(Object(Laravel\Lumen\Application), Object(Closure), Object(Closure))
#10 /home/moranni/Escritorio/GlobalHitss/Lumen/blog/vendor/illuminate/container/Container.php(590): Illuminate\Container\BoundMethod::call(Object(Laravel\Lumen\Application), Object(Closure), Array, NULL)
#11 /home/moranni/Escritorio/GlobalHitss/Lumen/blog/vendor/laravel/lumen-framework/src/Concerns/RoutesRequests.php(289): Illuminate\Container\Container->call(Object(Closure), Array)
#12 /home/moranni/Escritorio/GlobalHitss/Lumen/blog/vendor/laravel/lumen-framework/src/Concerns/RoutesRequests.php(263): Laravel\Lumen\Application->callActionOnArrayBasedRoute(Array)
#13 /home/moranni/Escritorio/GlobalHitss/Lumen/blog/vendor/laravel/lumen-framework/src/Concerns/RoutesRequests.php(165): Laravel\Lumen\Application->handleFoundRoute(Array)
#14 /home/moranni/Escritorio/GlobalHitss/Lumen/blog/vendor/laravel/lumen-framework/src/Concerns/RoutesRequests.php(416): Laravel\Lumen\Application->Laravel\Lumen\Concerns\{closure}(Object(Laravel\Lumen\Http\Request))
#15 /home/moranni/Escritorio/GlobalHitss/Lumen/blog/vendor/laravel/lumen-framework/src/Concerns/RoutesRequests.php(171): Laravel\Lumen\Application->sendThroughPipeline(Array, Object(Closure))
#16 /home/moranni/Escritorio/GlobalHitss/Lumen/blog/vendor/laravel/lumen-framework/src/Concerns/RoutesRequests.php(108): Laravel\Lumen\Application->dispatch(NULL)
#17 /home/moranni/Escritorio/GlobalHitss/Lumen/blog/public/index.php(28): Laravel\Lumen\Application->run()
#18 {main} {"exception":"[object] (Twig\\Error\\LoaderError(code: 0): Unable to find template \"motos.html\" (looked into: /home/moranni/Escritorio/GlobalHitss/Lumen/blog/routes/../templates). at /home/moranni/Escritorio/GlobalHitss/Lumen/blog/vendor/twig/twig/src/Loader/FilesystemLoader.php:250)
[stacktrace]
#0 /home/moranni/Escritorio/GlobalHitss/Lumen/blog/vendor/twig/twig/src/Loader/FilesystemLoader.php(150): Twig\\Loader\\FilesystemLoader->findTemplate('motos.html')
#1 /home/moranni/Escritorio/GlobalHitss/Lumen/blog/vendor/twig/twig/src/Environment.php(299): Twig\\Loader\\FilesystemLoader->getCacheKey('motos.html')
#2 /home/moranni/Escritorio/GlobalHitss/Lumen/blog/vendor/twig/twig/src/Environment.php(381): Twig\\Environment->getTemplateClass('motos.html')
#3 /home/moranni/Escritorio/GlobalHitss/Lumen/blog/vendor/twig/twig/src/Environment.php(359): Twig\\Environment->loadTemplate('motos.html')
#4 /home/moranni/Escritorio/GlobalHitss/Lumen/blog/routes/web.php(96): Twig\\Environment->load('motos.html')
#5 [internal function]: Closure->{closure}()
#6 /home/moranni/Escritorio/GlobalHitss/Lumen/blog/vendor/illuminate/container/BoundMethod.php(32): call_user_func_array(Object(Closure), Array)
#7 /home/moranni/Escritorio/GlobalHitss/Lumen/blog/vendor/illuminate/container/Util.php(36): Illuminate\\Container\\BoundMethod::Illuminate\\Container\\{closure}()
#8 /home/moranni/Escritorio/GlobalHitss/Lumen/blog/vendor/illuminate/container/BoundMethod.php(78): Illuminate\\Container\\Util::unwrapIfClosure(Object(Closure))
#9 /home/moranni/Escritorio/GlobalHitss/Lumen/blog/vendor/illuminate/container/BoundMethod.php(34): Illuminate\\Container\\BoundMethod::callBoundMethod(Object(Laravel\\Lumen\\Application), Object(Closure), Object(Closure))
#10 /home/moranni/Escritorio/GlobalHitss/Lumen/blog/vendor/illuminate/container/Container.php(590): Illuminate\\Container\\BoundMethod::call(Object(Laravel\\Lumen\\Application), Object(Closure), Array, NULL)
#11 /home/moranni/Escritorio/GlobalHitss/Lumen/blog/vendor/laravel/lumen-framework/src/Concerns/RoutesRequests.php(289): Illuminate\\Container\\Container->call(Object(Closure), Array)
#12 /home/moranni/Escritorio/GlobalHitss/Lumen/blog/vendor/laravel/lumen-framework/src/Concerns/RoutesRequests.php(263): Laravel\\Lumen\\Application->callActionOnArrayBasedRoute(Array)
#13 /home/moranni/Escritorio/GlobalHitss/Lumen/blog/vendor/laravel/lumen-framework/src/Concerns/RoutesRequests.php(165): Laravel\\Lumen\\Application->handleFoundRoute(Array)
#14 /home/moranni/Escritorio/GlobalHitss/Lumen/blog/vendor/laravel/lumen-framework/src/Concerns/RoutesRequests.php(416): Laravel\\Lumen\\Application->Laravel\\Lumen\\Concerns\\{closure}(Object(Laravel\\Lumen\\Http\\Request))
#15 /home/moranni/Escritorio/GlobalHitss/Lumen/blog/vendor/laravel/lumen-framework/src/Concerns/RoutesRequests.php(171): Laravel\\Lumen\\Application->sendThroughPipeline(Array, Object(Closure))
#16 /home/moranni/Escritorio/GlobalHitss/Lumen/blog/vendor/laravel/lumen-framework/src/Concerns/RoutesRequests.php(108): Laravel\\Lumen\\Application->dispatch(NULL)
#17 /home/moranni/Escritorio/GlobalHitss/Lumen/blog/public/index.php(28): Laravel\\Lumen\\Application->run()
#18 {main}
"} 
[2020-03-04 17:47:25] local.ERROR: ErrorException: Illegal offset type in isset or empty in /home/moranni/Escritorio/GlobalHitss/Lumen/blog/vendor/twig/twig/src/Loader/FilesystemLoader.php:196
Stack trace:
#0 /home/moranni/Escritorio/GlobalHitss/Lumen/blog/vendor/twig/twig/src/Loader/FilesystemLoader.php(196): Laravel\Lumen\Application->Laravel\Lumen\Concerns\{closure}(2, 'Illegal offset ...', '/home/moranni/E...', 196, Array)
#1 /home/moranni/Escritorio/GlobalHitss/Lumen/blog/vendor/twig/twig/src/Loader/FilesystemLoader.php(150): Twig\Loader\FilesystemLoader->findTemplate(Array)
#2 /home/moranni/Escritorio/GlobalHitss/Lumen/blog/vendor/twig/twig/src/Environment.php(299): Twig\Loader\FilesystemLoader->getCacheKey(Array)
#3 /home/moranni/Escritorio/GlobalHitss/Lumen/blog/vendor/twig/twig/src/Environment.php(381): Twig\Environment->getTemplateClass(Array)
#4 /home/moranni/Escritorio/GlobalHitss/Lumen/blog/vendor/twig/twig/src/Environment.php(359): Twig\Environment->loadTemplate(Array)
#5 /home/moranni/Escritorio/GlobalHitss/Lumen/blog/vendor/twig/twig/src/Environment.php(318): Twig\Environment->load(Array)
#6 /home/moranni/Escritorio/GlobalHitss/Lumen/blog/routes/web.php(82): Twig\Environment->render(Array)
#7 [internal function]: Closure->{closure}()
#8 /home/moranni/Escritorio/GlobalHitss/Lumen/blog/vendor/illuminate/container/BoundMethod.php(32): call_user_func_array(Object(Closure), Array)
#9 /home/moranni/Escritorio/GlobalHitss/Lumen/blog/vendor/illuminate/container/Util.php(36): Illuminate\Container\BoundMethod::Illuminate\Container\{closure}()
#10 /home/moranni/Escritorio/GlobalHitss/Lumen/blog/vendor/illuminate/container/BoundMethod.php(78): Illuminate\Container\Util::unwrapIfClosure(Object(Closure))
#11 /home/moranni/Escritorio/GlobalHitss/Lumen/blog/vendor/illuminate/container/BoundMethod.php(34): Illuminate\Container\BoundMethod::callBoundMethod(Object(Laravel\Lumen\Application), Object(Closure), Object(Closure))
#12 /home/moranni/Escritorio/GlobalHitss/Lumen/blog/vendor/illuminate/container/Container.php(590): Illuminate\Container\BoundMethod::call(Object(Laravel\Lumen\Application), Object(Closure), Array, NULL)
#13 /home/moranni/Escritorio/GlobalHitss/Lumen/blog/vendor/laravel/lumen-framework/src/Concerns/RoutesRequests.php(289): Illuminate\Container\Container->call(Object(Closure), Array)
#14 /home/moranni/Escritorio/GlobalHitss/Lumen/blog/vendor/laravel/lumen-framework/src/Concerns/RoutesRequests.php(263): Laravel\Lumen\Application->callActionOnArrayBasedRoute(Array)
#15 /home/moranni/Escritorio/GlobalHitss/Lumen/blog/vendor/laravel/lumen-framework/src/Concerns/RoutesRequests.php(165): Laravel\Lumen\Application->handleFoundRoute(Array)
#16 /home/moranni/Escritorio/GlobalHitss/Lumen/blog/vendor/laravel/lumen-framework/src/Concerns/RoutesRequests.php(416): Laravel\Lumen\Application->Laravel\Lumen\Concerns\{closure}(Object(Laravel\Lumen\Http\Request))
#17 /home/moranni/Escritorio/GlobalHitss/Lumen/blog/vendor/laravel/lumen-framework/src/Concerns/RoutesRequests.php(171): Laravel\Lumen\Application->sendThroughPipeline(Array, Object(Closure))
#18 /home/moranni/Escritorio/GlobalHitss/Lumen/blog/vendor/laravel/lumen-framework/src/Concerns/RoutesRequests.php(108): Laravel\Lumen\Application->dispatch(NULL)
#19 /home/moranni/Escritorio/GlobalHitss/Lumen/blog/public/index.php(28): Laravel\Lumen\Application->run()
#20 {main} {"exception":"[object] (ErrorException(code: 0): Illegal offset type in isset or empty at /home/moranni/Escritorio/GlobalHitss/Lumen/blog/vendor/twig/twig/src/Loader/FilesystemLoader.php:196)
[stacktrace]
#0 /home/moranni/Escritorio/GlobalHitss/Lumen/blog/vendor/twig/twig/src/Loader/FilesystemLoader.php(196): Laravel\\Lumen\\Application->Laravel\\Lumen\\Concerns\\{closure}(2, 'Illegal offset ...', '/home/moranni/E...', 196, Array)
#1 /home/moranni/Escritorio/GlobalHitss/Lumen/blog/vendor/twig/twig/src/Loader/FilesystemLoader.php(150): Twig\\Loader\\FilesystemLoader->findTemplate(Array)
#2 /home/moranni/Escritorio/GlobalHitss/Lumen/blog/vendor/twig/twig/src/Environment.php(299): Twig\\Loader\\FilesystemLoader->getCacheKey(Array)
#3 /home/moranni/Escritorio/GlobalHitss/Lumen/blog/vendor/twig/twig/src/Environment.php(381): Twig\\Environment->getTemplateClass(Array)
#4 /home/moranni/Escritorio/GlobalHitss/Lumen/blog/vendor/twig/twig/src/Environment.php(359): Twig\\Environment->loadTemplate(Array)
#5 /home/moranni/Escritorio/GlobalHitss/Lumen/blog/vendor/twig/twig/src/Environment.php(318): Twig\\Environment->load(Array)
#6 /home/moranni/Escritorio/GlobalHitss/Lumen/blog/routes/web.php(82): Twig\\Environment->render(Array)
#7 [internal function]: Closure->{closure}()
#8 /home/moranni/Escritorio/GlobalHitss/Lumen/blog/vendor/illuminate/container/BoundMethod.php(32): call_user_func_array(Object(Closure), Array)
#9 /home/moranni/Escritorio/GlobalHitss/Lumen/blog/vendor/illuminate/container/Util.php(36): Illuminate\\Container\\BoundMethod::Illuminate\\Container\\{closure}()
#10 /home/moranni/Escritorio/GlobalHitss/Lumen/blog/vendor/illuminate/container/BoundMethod.php(78): Illuminate\\Container\\Util::unwrapIfClosure(Object(Closure))
#11 /home/moranni/Escritorio/GlobalHitss/Lumen/blog/vendor/illuminate/container/BoundMethod.php(34): Illuminate\\Container\\BoundMethod::callBoundMethod(Object(Laravel\\Lumen\\Application), Object(Closure), Object(Closure))
#12 /home/moranni/Escritorio/GlobalHitss/Lumen/blog/vendor/illuminate/container/Container.php(590): Illuminate\\Container\\BoundMethod::call(Object(Laravel\\Lumen\\Application), Object(Closure), Array, NULL)
#13 /home/moranni/Escritorio/GlobalHitss/Lumen/blog/vendor/laravel/lumen-framework/src/Concerns/RoutesRequests.php(289): Illuminate\\Container\\Container->call(Object(Closure), Array)
#14 /home/moranni/Escritorio/GlobalHitss/Lumen/blog/vendor/laravel/lumen-framework/src/Concerns/RoutesRequests.php(263): Laravel\\Lumen\\Application->callActionOnArrayBasedRoute(Array)
#15 /home/moranni/Escritorio/GlobalHitss/Lumen/blog/vendor/laravel/lumen-framework/src/Concerns/RoutesRequests.php(165): Laravel\\Lumen\\Application->handleFoundRoute(Array)
#16 /home/moranni/Escritorio/GlobalHitss/Lumen/blog/vendor/laravel/lumen-framework/src/Concerns/RoutesRequests.php(416): Laravel\\Lumen\\Application->Laravel\\Lumen\\Concerns\\{closure}(Object(Laravel\\Lumen\\Http\\Request))
#17 /home/moranni/Escritorio/GlobalHitss/Lumen/blog/vendor/laravel/lumen-framework/src/Concerns/RoutesRequests.php(171): Laravel\\Lumen\\Application->sendThroughPipeline(Array, Object(Closure))
#18 /home/moranni/Escritorio/GlobalHitss/Lumen/blog/vendor/laravel/lumen-framework/src/Concerns/RoutesRequests.php(108): Laravel\\Lumen\\Application->dispatch(NULL)
#19 /home/moranni/Escritorio/GlobalHitss/Lumen/blog/public/index.php(28): Laravel\\Lumen\\Application->run()
#20 {main}
"} 
[2020-03-04 17:53:18] local.ERROR: Twig\Error\SyntaxError: Unexpected token "punctuation" of value "," ("end of print statement" expected). in /home/moranni/Escritorio/GlobalHitss/Lumen/blog/templates/autos.html:5
Stack trace:
#0 /home/moranni/Escritorio/GlobalHitss/Lumen/blog/vendor/twig/twig/src/Parser.php(143): Twig\TokenStream->expect(4)
#1 /home/moranni/Escritorio/GlobalHitss/Lumen/blog/vendor/twig/twig/src/TokenParser/ForTokenParser.php(52): Twig\Parser->subparse(Array)
#2 /home/moranni/Escritorio/GlobalHitss/Lumen/blog/vendor/twig/twig/src/Parser.php(185): Twig\TokenParser\ForTokenParser->parse(Object(Twig\Token))
#3 /home/moranni/Escritorio/GlobalHitss/Lumen/blog/vendor/twig/twig/src/Parser.php(98): Twig\Parser->subparse(NULL, false)
#4 /home/moranni/Escritorio/GlobalHitss/Lumen/blog/vendor/twig/twig/src/Environment.php(563): Twig\Parser->parse(Object(Twig\TokenStream))
#5 /home/moranni/Escritorio/GlobalHitss/Lumen/blog/vendor/twig/twig/src/Environment.php(595): Twig\Environment->parse(Object(Twig\TokenStream))
#6 /home/moranni/Escritorio/GlobalHitss/Lumen/blog/vendor/twig/twig/src/Environment.php(408): Twig\Environment->compileSource(Object(Twig\Source))
#7 /home/moranni/Escritorio/GlobalHitss/Lumen/blog/vendor/twig/twig/src/Environment.php(381): Twig\Environment->loadClass('__TwigTemplate_...', 'autos.html', NULL)
#8 /home/moranni/Escritorio/GlobalHitss/Lumen/blog/vendor/twig/twig/src/Environment.php(359): Twig\Environment->loadTemplate('autos.html')
#9 /home/moranni/Escritorio/GlobalHitss/Lumen/blog/vendor/twig/twig/src/Environment.php(318): Twig\Environment->load('autos.html')
#10 /home/moranni/Escritorio/GlobalHitss/Lumen/blog/routes/web.php(78): Twig\Environment->render('autos.html', Array)
#11 [internal function]: Closure->{closure}()
#12 /home/moranni/Escritorio/GlobalHitss/Lumen/blog/vendor/illuminate/container/BoundMethod.php(32): call_user_func_array(Object(Closure), Array)
#13 /home/moranni/Escritorio/GlobalHitss/Lumen/blog/vendor/illuminate/container/Util.php(36): Illuminate\Container\BoundMethod::Illuminate\Container\{closure}()
#14 /home/moranni/Escritorio/GlobalHitss/Lumen/blog/vendor/illuminate/container/BoundMethod.php(78): Illuminate\Container\Util::unwrapIfClosure(Object(Closure))
#15 /home/moranni/Escritorio/GlobalHitss/Lumen/blog/vendor/illuminate/container/BoundMethod.php(34): Illuminate\Container\BoundMethod::callBoundMethod(Object(Laravel\Lumen\Application), Object(Closure), Object(Closure))
#16 /home/moranni/Escritorio/GlobalHitss/Lumen/blog/vendor/illuminate/container/Container.php(590): Illuminate\Container\BoundMethod::call(Object(Laravel\Lumen\Application), Object(Closure), Array, NULL)
#17 /home/moranni/Escritorio/GlobalHitss/Lumen/blog/vendor/laravel/lumen-framework/src/Concerns/RoutesRequests.php(289): Illuminate\Container\Container->call(Object(Closure), Array)
#18 /home/moranni/Escritorio/GlobalHitss/Lumen/blog/vendor/laravel/lumen-framework/src/Concerns/RoutesRequests.php(263): Laravel\Lumen\Application->callActionOnArrayBasedRoute(Array)
#19 /home/moranni/Escritorio/GlobalHitss/Lumen/blog/vendor/laravel/lumen-framework/src/Concerns/RoutesRequests.php(165): Laravel\Lumen\Application->handleFoundRoute(Array)
#20 /home/moranni/Escritorio/GlobalHitss/Lumen/blog/vendor/laravel/lumen-framework/src/Concerns/RoutesRequests.php(416): Laravel\Lumen\Application->Laravel\Lumen\Concerns\{closure}(Object(Laravel\Lumen\Http\Request))
#21 /home/moranni/Escritorio/GlobalHitss/Lumen/blog/vendor/laravel/lumen-framework/src/Concerns/RoutesRequests.php(171): Laravel\Lumen\Application->sendThroughPipeline(Array, Object(Closure))
#22 /home/moranni/Escritorio/GlobalHitss/Lumen/blog/vendor/laravel/lumen-framework/src/Concerns/RoutesRequests.php(108): Laravel\Lumen\Application->dispatch(NULL)
#23 /home/moranni/Escritorio/GlobalHitss/Lumen/blog/public/index.php(28): Laravel\Lumen\Application->run()
#24 {main} {"exception":"[object] (Twig\\Error\\SyntaxError(code: 0): Unexpected token \"punctuation\" of value \",\" (\"end of print statement\" expected). at /home/moranni/Escritorio/GlobalHitss/Lumen/blog/templates/autos.html:5)
[stacktrace]
#0 /home/moranni/Escritorio/GlobalHitss/Lumen/blog/vendor/twig/twig/src/Parser.php(143): Twig\\TokenStream->expect(4)
#1 /home/moranni/Escritorio/GlobalHitss/Lumen/blog/vendor/twig/twig/src/TokenParser/ForTokenParser.php(52): Twig\\Parser->subparse(Array)
#2 /home/moranni/Escritorio/GlobalHitss/Lumen/blog/vendor/twig/twig/src/Parser.php(185): Twig\\TokenParser\\ForTokenParser->parse(Object(Twig\\Token))
#3 /home/moranni/Escritorio/GlobalHitss/Lumen/blog/vendor/twig/twig/src/Parser.php(98): Twig\\Parser->subparse(NULL, false)
#4 /home/moranni/Escritorio/GlobalHitss/Lumen/blog/vendor/twig/twig/src/Environment.php(563): Twig\\Parser->parse(Object(Twig\\TokenStream))
#5 /home/moranni/Escritorio/GlobalHitss/Lumen/blog/vendor/twig/twig/src/Environment.php(595): Twig\\Environment->parse(Object(Twig\\TokenStream))
#6 /home/moranni/Escritorio/GlobalHitss/Lumen/blog/vendor/twig/twig/src/Environment.php(408): Twig\\Environment->compileSource(Object(Twig\\Source))
#7 /home/moranni/Escritorio/GlobalHitss/Lumen/blog/vendor/twig/twig/src/Environment.php(381): Twig\\Environment->loadClass('__TwigTemplate_...', 'autos.html', NULL)
#8 /home/moranni/Escritorio/GlobalHitss/Lumen/blog/vendor/twig/twig/src/Environment.php(359): Twig\\Environment->loadTemplate('autos.html')
#9 /home/moranni/Escritorio/GlobalHitss/Lumen/blog/vendor/twig/twig/src/Environment.php(318): Twig\\Environment->load('autos.html')
#10 /home/moranni/Escritorio/GlobalHitss/Lumen/blog/routes/web.php(78): Twig\\Environment->render('autos.html', Array)
#11 [internal function]: Closure->{closure}()
#12 /home/moranni/Escritorio/GlobalHitss/Lumen/blog/vendor/illuminate/container/BoundMethod.php(32): call_user_func_array(Object(Closure), Array)
#13 /home/moranni/Escritorio/GlobalHitss/Lumen/blog/vendor/illuminate/container/Util.php(36): Illuminate\\Container\\BoundMethod::Illuminate\\Container\\{closure}()
#14 /home/moranni/Escritorio/GlobalHitss/Lumen/blog/vendor/illuminate/container/BoundMethod.php(78): Illuminate\\Container\\Util::unwrapIfClosure(Object(Closure))
#15 /home/moranni/Escritorio/GlobalHitss/Lumen/blog/vendor/illuminate/container/BoundMethod.php(34): Illuminate\\Container\\BoundMethod::callBoundMethod(Object(Laravel\\Lumen\\Application), Object(Closure), Object(Closure))
#16 /home/moranni/Escritorio/GlobalHitss/Lumen/blog/vendor/illuminate/container/Container.php(590): Illuminate\\Container\\BoundMethod::call(Object(Laravel\\Lumen\\Application), Object(Closure), Array, NULL)
#17 /home/moranni/Escritorio/GlobalHitss/Lumen/blog/vendor/laravel/lumen-framework/src/Concerns/RoutesRequests.php(289): Illuminate\\Container\\Container->call(Object(Closure), Array)
#18 /home/moranni/Escritorio/GlobalHitss/Lumen/blog/vendor/laravel/lumen-framework/src/Concerns/RoutesRequests.php(263): Laravel\\Lumen\\Application->callActionOnArrayBasedRoute(Array)
#19 /home/moranni/Escritorio/GlobalHitss/Lumen/blog/vendor/laravel/lumen-framework/src/Concerns/RoutesRequests.php(165): Laravel\\Lumen\\Application->handleFoundRoute(Array)
#20 /home/moranni/Escritorio/GlobalHitss/Lumen/blog/vendor/laravel/lumen-framework/src/Concerns/RoutesRequests.php(416): Laravel\\Lumen\\Application->Laravel\\Lumen\\Concerns\\{closure}(Object(Laravel\\Lumen\\Http\\Request))
#21 /home/moranni/Escritorio/GlobalHitss/Lumen/blog/vendor/laravel/lumen-framework/src/Concerns/RoutesRequests.php(171): Laravel\\Lumen\\Application->sendThroughPipeline(Array, Object(Closure))
#22 /home/moranni/Escritorio/GlobalHitss/Lumen/blog/vendor/laravel/lumen-framework/src/Concerns/RoutesRequests.php(108): Laravel\\Lumen\\Application->dispatch(NULL)
#23 /home/moranni/Escritorio/GlobalHitss/Lumen/blog/public/index.php(28): Laravel\\Lumen\\Application->run()
#24 {main}
"} 
[2020-03-04 17:53:37] local.ERROR: Twig\Error\SyntaxError: Unexpected token "name" of value "auto" ("end of print statement" expected). in /home/moranni/Escritorio/GlobalHitss/Lumen/blog/templates/autos.html:5
Stack trace:
#0 /home/moranni/Escritorio/GlobalHitss/Lumen/blog/vendor/twig/twig/src/Parser.php(143): Twig\TokenStream->expect(4)
#1 /home/moranni/Escritorio/GlobalHitss/Lumen/blog/vendor/twig/twig/src/TokenParser/ForTokenParser.php(52): Twig\Parser->subparse(Array)
#2 /home/moranni/Escritorio/GlobalHitss/Lumen/blog/vendor/twig/twig/src/Parser.php(185): Twig\TokenParser\ForTokenParser->parse(Object(Twig\Token))
#3 /home/moranni/Escritorio/GlobalHitss/Lumen/blog/vendor/twig/twig/src/Parser.php(98): Twig\Parser->subparse(NULL, false)
#4 /home/moranni/Escritorio/GlobalHitss/Lumen/blog/vendor/twig/twig/src/Environment.php(563): Twig\Parser->parse(Object(Twig\TokenStream))
#5 /home/moranni/Escritorio/GlobalHitss/Lumen/blog/vendor/twig/twig/src/Environment.php(595): Twig\Environment->parse(Object(Twig\TokenStream))
#6 /home/moranni/Escritorio/GlobalHitss/Lumen/blog/vendor/twig/twig/src/Environment.php(408): Twig\Environment->compileSource(Object(Twig\Source))
#7 /home/moranni/Escritorio/GlobalHitss/Lumen/blog/vendor/twig/twig/src/Environment.php(381): Twig\Environment->loadClass('__TwigTemplate_...', 'autos.html', NULL)
#8 /home/moranni/Escritorio/GlobalHitss/Lumen/blog/vendor/twig/twig/src/Environment.php(359): Twig\Environment->loadTemplate('autos.html')
#9 /home/moranni/Escritorio/GlobalHitss/Lumen/blog/vendor/twig/twig/src/Environment.php(318): Twig\Environment->load('autos.html')
#10 /home/moranni/Escritorio/GlobalHitss/Lumen/blog/routes/web.php(78): Twig\Environment->render('autos.html', Array)
#11 [internal function]: Closure->{closure}()
#12 /home/moranni/Escritorio/GlobalHitss/Lumen/blog/vendor/illuminate/container/BoundMethod.php(32): call_user_func_array(Object(Closure), Array)
#13 /home/moranni/Escritorio/GlobalHitss/Lumen/blog/vendor/illuminate/container/Util.php(36): Illuminate\Container\BoundMethod::Illuminate\Container\{closure}()
#14 /home/moranni/Escritorio/GlobalHitss/Lumen/blog/vendor/illuminate/container/BoundMethod.php(78): Illuminate\Container\Util::unwrapIfClosure(Object(Closure))
#15 /home/moranni/Escritorio/GlobalHitss/Lumen/blog/vendor/illuminate/container/BoundMethod.php(34): Illuminate\Container\BoundMethod::callBoundMethod(Object(Laravel\Lumen\Application), Object(Closure), Object(Closure))
#16 /home/moranni/Escritorio/GlobalHitss/Lumen/blog/vendor/illuminate/container/Container.php(590): Illuminate\Container\BoundMethod::call(Object(Laravel\Lumen\Application), Object(Closure), Array, NULL)
#17 /home/moranni/Escritorio/GlobalHitss/Lumen/blog/vendor/laravel/lumen-framework/src/Concerns/RoutesRequests.php(289): Illuminate\Container\Container->call(Object(Closure), Array)
#18 /home/moranni/Escritorio/GlobalHitss/Lumen/blog/vendor/laravel/lumen-framework/src/Concerns/RoutesRequests.php(263): Laravel\Lumen\Application->callActionOnArrayBasedRoute(Array)
#19 /home/moranni/Escritorio/GlobalHitss/Lumen/blog/vendor/laravel/lumen-framework/src/Concerns/RoutesRequests.php(165): Laravel\Lumen\Application->handleFoundRoute(Array)
#20 /home/moranni/Escritorio/GlobalHitss/Lumen/blog/vendor/laravel/lumen-framework/src/Concerns/RoutesRequests.php(416): Laravel\Lumen\Application->Laravel\Lumen\Concerns\{closure}(Object(Laravel\Lumen\Http\Request))
#21 /home/moranni/Escritorio/GlobalHitss/Lumen/blog/vendor/laravel/lumen-framework/src/Concerns/RoutesRequests.php(171): Laravel\Lumen\Application->sendThroughPipeline(Array, Object(Closure))
#22 /home/moranni/Escritorio/GlobalHitss/Lumen/blog/vendor/laravel/lumen-framework/src/Concerns/RoutesRequests.php(108): Laravel\Lumen\Application->dispatch(NULL)
#23 /home/moranni/Escritorio/GlobalHitss/Lumen/blog/public/index.php(28): Laravel\Lumen\Application->run()
#24 {main} {"exception":"[object] (Twig\\Error\\SyntaxError(code: 0): Unexpected token \"name\" of value \"auto\" (\"end of print statement\" expected). at /home/moranni/Escritorio/GlobalHitss/Lumen/blog/templates/autos.html:5)
[stacktrace]
#0 /home/moranni/Escritorio/GlobalHitss/Lumen/blog/vendor/twig/twig/src/Parser.php(143): Twig\\TokenStream->expect(4)
#1 /home/moranni/Escritorio/GlobalHitss/Lumen/blog/vendor/twig/twig/src/TokenParser/ForTokenParser.php(52): Twig\\Parser->subparse(Array)
#2 /home/moranni/Escritorio/GlobalHitss/Lumen/blog/vendor/twig/twig/src/Parser.php(185): Twig\\TokenParser\\ForTokenParser->parse(Object(Twig\\Token))
#3 /home/moranni/Escritorio/GlobalHitss/Lumen/blog/vendor/twig/twig/src/Parser.php(98): Twig\\Parser->subparse(NULL, false)
#4 /home/moranni/Escritorio/GlobalHitss/Lumen/blog/vendor/twig/twig/src/Environment.php(563): Twig\\Parser->parse(Object(Twig\\TokenStream))
#5 /home/moranni/Escritorio/GlobalHitss/Lumen/blog/vendor/twig/twig/src/Environment.php(595): Twig\\Environment->parse(Object(Twig\\TokenStream))
#6 /home/moranni/Escritorio/GlobalHitss/Lumen/blog/vendor/twig/twig/src/Environment.php(408): Twig\\Environment->compileSource(Object(Twig\\Source))
#7 /home/moranni/Escritorio/GlobalHitss/Lumen/blog/vendor/twig/twig/src/Environment.php(381): Twig\\Environment->loadClass('__TwigTemplate_...', 'autos.html', NULL)
#8 /home/moranni/Escritorio/GlobalHitss/Lumen/blog/vendor/twig/twig/src/Environment.php(359): Twig\\Environment->loadTemplate('autos.html')
#9 /home/moranni/Escritorio/GlobalHitss/Lumen/blog/vendor/twig/twig/src/Environment.php(318): Twig\\Environment->load('autos.html')
#10 /home/moranni/Escritorio/GlobalHitss/Lumen/blog/routes/web.php(78): Twig\\Environment->render('autos.html', Array)
#11 [internal function]: Closure->{closure}()
#12 /home/moranni/Escritorio/GlobalHitss/Lumen/blog/vendor/illuminate/container/BoundMethod.php(32): call_user_func_array(Object(Closure), Array)
#13 /home/moranni/Escritorio/GlobalHitss/Lumen/blog/vendor/illuminate/container/Util.php(36): Illuminate\\Container\\BoundMethod::Illuminate\\Container\\{closure}()
#14 /home/moranni/Escritorio/GlobalHitss/Lumen/blog/vendor/illuminate/container/BoundMethod.php(78): Illuminate\\Container\\Util::unwrapIfClosure(Object(Closure))
#15 /home/moranni/Escritorio/GlobalHitss/Lumen/blog/vendor/illuminate/container/BoundMethod.php(34): Illuminate\\Container\\BoundMethod::callBoundMethod(Object(Laravel\\Lumen\\Application), Object(Closure), Object(Closure))
#16 /home/moranni/Escritorio/GlobalHitss/Lumen/blog/vendor/illuminate/container/Container.php(590): Illuminate\\Container\\BoundMethod::call(Object(Laravel\\Lumen\\Application), Object(Closure), Array, NULL)
#17 /home/moranni/Escritorio/GlobalHitss/Lumen/blog/vendor/laravel/lumen-framework/src/Concerns/RoutesRequests.php(289): Illuminate\\Container\\Container->call(Object(Closure), Array)
#18 /home/moranni/Escritorio/GlobalHitss/Lumen/blog/vendor/laravel/lumen-framework/src/Concerns/RoutesRequests.php(263): Laravel\\Lumen\\Application->callActionOnArrayBasedRoute(Array)
#19 /home/moranni/Escritorio/GlobalHitss/Lumen/blog/vendor/laravel/lumen-framework/src/Concerns/RoutesRequests.php(165): Laravel\\Lumen\\Application->handleFoundRoute(Array)
#20 /home/moranni/Escritorio/GlobalHitss/Lumen/blog/vendor/laravel/lumen-framework/src/Concerns/RoutesRequests.php(416): Laravel\\Lumen\\Application->Laravel\\Lumen\\Concerns\\{closure}(Object(Laravel\\Lumen\\Http\\Request))
#21 /home/moranni/Escritorio/GlobalHitss/Lumen/blog/vendor/laravel/lumen-framework/src/Concerns/RoutesRequests.php(171): Laravel\\Lumen\\Application->sendThroughPipeline(Array, Object(Closure))
#22 /home/moranni/Escritorio/GlobalHitss/Lumen/blog/vendor/laravel/lumen-framework/src/Concerns/RoutesRequests.php(108): Laravel\\Lumen\\Application->dispatch(NULL)
#23 /home/moranni/Escritorio/GlobalHitss/Lumen/blog/public/index.php(28): Laravel\\Lumen\\Application->run()
#24 {main}
"} 
[2020-03-04 17:56:17] local.ERROR: Twig\Error\SyntaxError: Unexpected token "name" of value "auto" ("end of print statement" expected). in /home/moranni/Escritorio/GlobalHitss/Lumen/blog/templates/autos.html:5
Stack trace:
#0 /home/moranni/Escritorio/GlobalHitss/Lumen/blog/vendor/twig/twig/src/Parser.php(143): Twig\TokenStream->expect(4)
#1 /home/moranni/Escritorio/GlobalHitss/Lumen/blog/vendor/twig/twig/src/TokenParser/ForTokenParser.php(52): Twig\Parser->subparse(Array)
#2 /home/moranni/Escritorio/GlobalHitss/Lumen/blog/vendor/twig/twig/src/Parser.php(185): Twig\TokenParser\ForTokenParser->parse(Object(Twig\Token))
#3 /home/moranni/Escritorio/GlobalHitss/Lumen/blog/vendor/twig/twig/src/Parser.php(98): Twig\Parser->subparse(NULL, false)
#4 /home/moranni/Escritorio/GlobalHitss/Lumen/blog/vendor/twig/twig/src/Environment.php(563): Twig\Parser->parse(Object(Twig\TokenStream))
#5 /home/moranni/Escritorio/GlobalHitss/Lumen/blog/vendor/twig/twig/src/Environment.php(595): Twig\Environment->parse(Object(Twig\TokenStream))
#6 /home/moranni/Escritorio/GlobalHitss/Lumen/blog/vendor/twig/twig/src/Environment.php(408): Twig\Environment->compileSource(Object(Twig\Source))
#7 /home/moranni/Escritorio/GlobalHitss/Lumen/blog/vendor/twig/twig/src/Environment.php(381): Twig\Environment->loadClass('__TwigTemplate_...', 'autos.html', NULL)
#8 /home/moranni/Escritorio/GlobalHitss/Lumen/blog/vendor/twig/twig/src/Environment.php(359): Twig\Environment->loadTemplate('autos.html')
#9 /home/moranni/Escritorio/GlobalHitss/Lumen/blog/vendor/twig/twig/src/Environment.php(318): Twig\Environment->load('autos.html')
#10 /home/moranni/Escritorio/GlobalHitss/Lumen/blog/routes/web.php(78): Twig\Environment->render('autos.html', Array)
#11 [internal function]: Closure->{closure}()
#12 /home/moranni/Escritorio/GlobalHitss/Lumen/blog/vendor/illuminate/container/BoundMethod.php(32): call_user_func_array(Object(Closure), Array)
#13 /home/moranni/Escritorio/GlobalHitss/Lumen/blog/vendor/illuminate/container/Util.php(36): Illuminate\Container\BoundMethod::Illuminate\Container\{closure}()
#14 /home/moranni/Escritorio/GlobalHitss/Lumen/blog/vendor/illuminate/container/BoundMethod.php(78): Illuminate\Container\Util::unwrapIfClosure(Object(Closure))
#15 /home/moranni/Escritorio/GlobalHitss/Lumen/blog/vendor/illuminate/container/BoundMethod.php(34): Illuminate\Container\BoundMethod::callBoundMethod(Object(Laravel\Lumen\Application), Object(Closure), Object(Closure))
#16 /home/moranni/Escritorio/GlobalHitss/Lumen/blog/vendor/illuminate/container/Container.php(590): Illuminate\Container\BoundMethod::call(Object(Laravel\Lumen\Application), Object(Closure), Array, NULL)
#17 /home/moranni/Escritorio/GlobalHitss/Lumen/blog/vendor/laravel/lumen-framework/src/Concerns/RoutesRequests.php(289): Illuminate\Container\Container->call(Object(Closure), Array)
#18 /home/moranni/Escritorio/GlobalHitss/Lumen/blog/vendor/laravel/lumen-framework/src/Concerns/RoutesRequests.php(263): Laravel\Lumen\Application->callActionOnArrayBasedRoute(Array)
#19 /home/moranni/Escritorio/GlobalHitss/Lumen/blog/vendor/laravel/lumen-framework/src/Concerns/RoutesRequests.php(165): Laravel\Lumen\Application->handleFoundRoute(Array)
#20 /home/moranni/Escritorio/GlobalHitss/Lumen/blog/vendor/laravel/lumen-framework/src/Concerns/RoutesRequests.php(416): Laravel\Lumen\Application->Laravel\Lumen\Concerns\{closure}(Object(Laravel\Lumen\Http\Request))
#21 /home/moranni/Escritorio/GlobalHitss/Lumen/blog/vendor/laravel/lumen-framework/src/Concerns/RoutesRequests.php(171): Laravel\Lumen\Application->sendThroughPipeline(Array, Object(Closure))
#22 /home/moranni/Escritorio/GlobalHitss/Lumen/blog/vendor/laravel/lumen-framework/src/Concerns/RoutesRequests.php(108): Laravel\Lumen\Application->dispatch(NULL)
#23 /home/moranni/Escritorio/GlobalHitss/Lumen/blog/public/index.php(28): Laravel\Lumen\Application->run()
#24 {main} {"exception":"[object] (Twig\\Error\\SyntaxError(code: 0): Unexpected token \"name\" of value \"auto\" (\"end of print statement\" expected). at /home/moranni/Escritorio/GlobalHitss/Lumen/blog/templates/autos.html:5)
[stacktrace]
#0 /home/moranni/Escritorio/GlobalHitss/Lumen/blog/vendor/twig/twig/src/Parser.php(143): Twig\\TokenStream->expect(4)
#1 /home/moranni/Escritorio/GlobalHitss/Lumen/blog/vendor/twig/twig/src/TokenParser/ForTokenParser.php(52): Twig\\Parser->subparse(Array)
#2 /home/moranni/Escritorio/GlobalHitss/Lumen/blog/vendor/twig/twig/src/Parser.php(185): Twig\\TokenParser\\ForTokenParser->parse(Object(Twig\\Token))
#3 /home/moranni/Escritorio/GlobalHitss/Lumen/blog/vendor/twig/twig/src/Parser.php(98): Twig\\Parser->subparse(NULL, false)
#4 /home/moranni/Escritorio/GlobalHitss/Lumen/blog/vendor/twig/twig/src/Environment.php(563): Twig\\Parser->parse(Object(Twig\\TokenStream))
#5 /home/moranni/Escritorio/GlobalHitss/Lumen/blog/vendor/twig/twig/src/Environment.php(595): Twig\\Environment->parse(Object(Twig\\TokenStream))
#6 /home/moranni/Escritorio/GlobalHitss/Lumen/blog/vendor/twig/twig/src/Environment.php(408): Twig\\Environment->compileSource(Object(Twig\\Source))
#7 /home/moranni/Escritorio/GlobalHitss/Lumen/blog/vendor/twig/twig/src/Environment.php(381): Twig\\Environment->loadClass('__TwigTemplate_...', 'autos.html', NULL)
#8 /home/moranni/Escritorio/GlobalHitss/Lumen/blog/vendor/twig/twig/src/Environment.php(359): Twig\\Environment->loadTemplate('autos.html')
#9 /home/moranni/Escritorio/GlobalHitss/Lumen/blog/vendor/twig/twig/src/Environment.php(318): Twig\\Environment->load('autos.html')
#10 /home/moranni/Escritorio/GlobalHitss/Lumen/blog/routes/web.php(78): Twig\\Environment->render('autos.html', Array)
#11 [internal function]: Closure->{closure}()
#12 /home/moranni/Escritorio/GlobalHitss/Lumen/blog/vendor/illuminate/container/BoundMethod.php(32): call_user_func_array(Object(Closure), Array)
#13 /home/moranni/Escritorio/GlobalHitss/Lumen/blog/vendor/illuminate/container/Util.php(36): Illuminate\\Container\\BoundMethod::Illuminate\\Container\\{closure}()
#14 /home/moranni/Escritorio/GlobalHitss/Lumen/blog/vendor/illuminate/container/BoundMethod.php(78): Illuminate\\Container\\Util::unwrapIfClosure(Object(Closure))
#15 /home/moranni/Escritorio/GlobalHitss/Lumen/blog/vendor/illuminate/container/BoundMethod.php(34): Illuminate\\Container\\BoundMethod::callBoundMethod(Object(Laravel\\Lumen\\Application), Object(Closure), Object(Closure))
#16 /home/moranni/Escritorio/GlobalHitss/Lumen/blog/vendor/illuminate/container/Container.php(590): Illuminate\\Container\\BoundMethod::call(Object(Laravel\\Lumen\\Application), Object(Closure), Array, NULL)
#17 /home/moranni/Escritorio/GlobalHitss/Lumen/blog/vendor/laravel/lumen-framework/src/Concerns/RoutesRequests.php(289): Illuminate\\Container\\Container->call(Object(Closure), Array)
#18 /home/moranni/Escritorio/GlobalHitss/Lumen/blog/vendor/laravel/lumen-framework/src/Concerns/RoutesRequests.php(263): Laravel\\Lumen\\Application->callActionOnArrayBasedRoute(Array)
#19 /home/moranni/Escritorio/GlobalHitss/Lumen/blog/vendor/laravel/lumen-framework/src/Concerns/RoutesRequests.php(165): Laravel\\Lumen\\Application->handleFoundRoute(Array)
#20 /home/moranni/Escritorio/GlobalHitss/Lumen/blog/vendor/laravel/lumen-framework/src/Concerns/RoutesRequests.php(416): Laravel\\Lumen\\Application->Laravel\\Lumen\\Concerns\\{closure}(Object(Laravel\\Lumen\\Http\\Request))
#21 /home/moranni/Escritorio/GlobalHitss/Lumen/blog/vendor/laravel/lumen-framework/src/Concerns/RoutesRequests.php(171): Laravel\\Lumen\\Application->sendThroughPipeline(Array, Object(Closure))
#22 /home/moranni/Escritorio/GlobalHitss/Lumen/blog/vendor/laravel/lumen-framework/src/Concerns/RoutesRequests.php(108): Laravel\\Lumen\\Application->dispatch(NULL)
#23 /home/moranni/Escritorio/GlobalHitss/Lumen/blog/public/index.php(28): Laravel\\Lumen\\Application->run()
#24 {main}
"} 
